{"/Users/pramodkumar/Desktop/coding/projects/ExamVerse-AI/backend/src/app.ts": {"path":"/Users/pramodkumar/Desktop/coding/projects/ExamVerse-AI/backend/src/app.ts","statementMap":{"0":{"start":{"line":1,"column":0},"end":{"line":1,"column":30}},"1":{"start":{"line":2,"column":0},"end":{"line":2,"column":24}},"2":{"start":{"line":3,"column":0},"end":{"line":3,"column":28}},"3":{"start":{"line":4,"column":0},"end":{"line":4,"column":38}},"4":{"start":{"line":5,"column":0},"end":{"line":5,"column":28}},"5":{"start":{"line":6,"column":0},"end":{"line":6,"column":41}},"6":{"start":{"line":8,"column":0},"end":{"line":8,"column":35}},"7":{"start":{"line":11,"column":0},"end":{"line":11,"column":43}},"8":{"start":{"line":12,"column":0},"end":{"line":12,"column":47}},"9":{"start":{"line":14,"column":0},"end":{"line":14,"column":51}},"10":{"start":{"line":15,"column":0},"end":{"line":15,"column":51}},"11":{"start":{"line":16,"column":0},"end":{"line":16,"column":52}},"12":{"start":{"line":17,"column":0},"end":{"line":17,"column":62}},"13":{"start":{"line":18,"column":0},"end":{"line":18,"column":58}},"14":{"start":{"line":19,"column":0},"end":{"line":19,"column":55}},"15":{"start":{"line":20,"column":0},"end":{"line":20,"column":58}},"16":{"start":{"line":21,"column":0},"end":{"line":21,"column":58}},"17":{"start":{"line":22,"column":0},"end":{"line":22,"column":56}},"18":{"start":{"line":23,"column":0},"end":{"line":23,"column":52}},"19":{"start":{"line":24,"column":0},"end":{"line":24,"column":60}},"20":{"start":{"line":25,"column":0},"end":{"line":25,"column":60}},"21":{"start":{"line":26,"column":0},"end":{"line":26,"column":71}},"22":{"start":{"line":27,"column":0},"end":{"line":27,"column":70}},"23":{"start":{"line":28,"column":0},"end":{"line":28,"column":47}},"24":{"start":{"line":29,"column":0},"end":{"line":29,"column":60}},"25":{"start":{"line":31,"column":12},"end":{"line":31,"column":21}},"26":{"start":{"line":33,"column":0},"end":{"line":38,"column":2}},"27":{"start":{"line":40,"column":0},"end":{"line":40,"column":18}},"28":{"start":{"line":41,"column":0},"end":{"line":41,"column":23}},"29":{"start":{"line":42,"column":0},"end":{"line":42,"column":23}},"30":{"start":{"line":44,"column":0},"end":{"line":44,"column":24}},"31":{"start":{"line":46,"column":0},"end":{"line":46,"column":24}},"32":{"start":{"line":47,"column":0},"end":{"line":47,"column":48}},"33":{"start":{"line":49,"column":0},"end":{"line":55,"column":3}},"34":{"start":{"line":50,"column":2},"end":{"line":54,"column":5}},"35":{"start":{"line":63,"column":0},"end":{"line":63,"column":33}},"36":{"start":{"line":64,"column":0},"end":{"line":64,"column":34}},"37":{"start":{"line":65,"column":0},"end":{"line":65,"column":44}},"38":{"start":{"line":66,"column":0},"end":{"line":66,"column":40}},"39":{"start":{"line":67,"column":0},"end":{"line":67,"column":37}},"40":{"start":{"line":68,"column":0},"end":{"line":68,"column":40}},"41":{"start":{"line":69,"column":0},"end":{"line":69,"column":40}},"42":{"start":{"line":70,"column":0},"end":{"line":70,"column":38}},"43":{"start":{"line":71,"column":0},"end":{"line":71,"column":34}},"44":{"start":{"line":72,"column":0},"end":{"line":72,"column":42}},"45":{"start":{"line":73,"column":0},"end":{"line":73,"column":42}},"46":{"start":{"line":74,"column":0},"end":{"line":74,"column":53}},"47":{"start":{"line":75,"column":0},"end":{"line":75,"column":52}},"48":{"start":{"line":76,"column":0},"end":{"line":76,"column":29}},"49":{"start":{"line":77,"column":0},"end":{"line":77,"column":42}},"50":{"start":{"line":78,"column":0},"end":{"line":78,"column":68}},"51":{"start":{"line":88,"column":0},"end":{"line":93,"column":3}},"52":{"start":{"line":89,"column":2},"end":{"line":92,"column":5}},"53":{"start":{"line":101,"column":0},"end":{"line":101,"column":22}},"54":{"start":{"line":103,"column":0},"end":{"line":103,"column":19}}},"fnMap":{"0":{"name":"(anonymous_1)","decl":{"start":{"line":49,"column":23},"end":{"line":49,"column":24}},"loc":{"start":{"line":49,"column":37},"end":{"line":55,"column":1}}},"1":{"name":"(anonymous_2)","decl":{"start":{"line":88,"column":8},"end":{"line":88,"column":9}},"loc":{"start":{"line":88,"column":22},"end":{"line":93,"column":1}}}},"branchMap":{},"s":{"0":0,"1":0,"2":0,"3":0,"4":0,"5":0,"6":0,"7":0,"8":0,"9":0,"10":0,"11":0,"12":0,"13":0,"14":0,"15":0,"16":0,"17":0,"18":0,"19":0,"20":0,"21":0,"22":0,"23":0,"24":0,"25":0,"26":0,"27":0,"28":0,"29":0,"30":0,"31":0,"32":0,"33":0,"34":0,"35":0,"36":0,"37":0,"38":0,"39":0,"40":0,"41":0,"42":0,"43":0,"44":0,"45":0,"46":0,"47":0,"48":0,"49":0,"50":0,"51":0,"52":0,"53":0,"54":0},"f":{"0":0,"1":0},"b":{}}
,"/Users/pramodkumar/Desktop/coding/projects/ExamVerse-AI/backend/src/common/index.ts": {"path":"/Users/pramodkumar/Desktop/coding/projects/ExamVerse-AI/backend/src/common/index.ts","statementMap":{"0":{"start":{"line":1,"column":0},"end":{"line":1,"column":25}},"1":{"start":{"line":2,"column":0},"end":{"line":2,"column":29}},"2":{"start":{"line":3,"column":0},"end":{"line":3,"column":27}},"3":{"start":{"line":4,"column":0},"end":{"line":4,"column":26}}},"fnMap":{},"branchMap":{},"s":{"0":0,"1":0,"2":0,"3":0},"f":{},"b":{}}
,"/Users/pramodkumar/Desktop/coding/projects/ExamVerse-AI/backend/src/common/dto/index.ts": {"path":"/Users/pramodkumar/Desktop/coding/projects/ExamVerse-AI/backend/src/common/dto/index.ts","statementMap":{"0":{"start":{"line":1,"column":0},"end":{"line":1,"column":35}},"1":{"start":{"line":2,"column":0},"end":{"line":2,"column":33}},"2":{"start":{"line":3,"column":0},"end":{"line":3,"column":36}}},"fnMap":{},"branchMap":{},"s":{"0":0,"1":0,"2":0},"f":{},"b":{}}
,"/Users/pramodkumar/Desktop/coding/projects/ExamVerse-AI/backend/src/common/errors/app-error.ts": {"path":"/Users/pramodkumar/Desktop/coding/projects/ExamVerse-AI/backend/src/common/errors/app-error.ts","statementMap":{"0":{"start":{"line":6,"column":4},"end":{"line":6,"column":19}},"1":{"start":{"line":8,"column":4},"end":{"line":8,"column":38}},"2":{"start":{"line":9,"column":4},"end":{"line":9,"column":33}},"3":{"start":{"line":10,"column":4},"end":{"line":10,"column":39}},"4":{"start":{"line":12,"column":4},"end":{"line":12,"column":52}},"5":{"start":{"line":1,"column":0},"end":{"line":1,"column":13}}},"fnMap":{"0":{"name":"(anonymous_0)","decl":{"start":{"line":5,"column":2},"end":{"line":5,"column":14}},"loc":{"start":{"line":5,"column":69},"end":{"line":13,"column":3}}}},"branchMap":{"0":{"loc":{"start":{"line":5,"column":31},"end":{"line":5,"column":47}},"type":"default-arg","locations":[{"start":{"line":5,"column":44},"end":{"line":5,"column":47}}]},"1":{"loc":{"start":{"line":5,"column":49},"end":{"line":5,"column":69}},"type":"default-arg","locations":[{"start":{"line":5,"column":65},"end":{"line":5,"column":69}}]}},"s":{"0":0,"1":0,"2":0,"3":0,"4":0,"5":0},"f":{"0":0},"b":{"0":[0],"1":[0]}}
,"/Users/pramodkumar/Desktop/coding/projects/ExamVerse-AI/backend/src/common/errors/bad-request-error.ts": {"path":"/Users/pramodkumar/Desktop/coding/projects/ExamVerse-AI/backend/src/common/errors/bad-request-error.ts","statementMap":{"0":{"start":{"line":1,"column":0},"end":{"line":1,"column":39}},"1":{"start":{"line":5,"column":4},"end":{"line":5,"column":24}},"2":{"start":{"line":3,"column":0},"end":{"line":3,"column":13}}},"fnMap":{"0":{"name":"(anonymous_0)","decl":{"start":{"line":4,"column":2},"end":{"line":4,"column":14}},"loc":{"start":{"line":4,"column":37},"end":{"line":6,"column":3}}}},"branchMap":{"0":{"loc":{"start":{"line":4,"column":14},"end":{"line":4,"column":37}},"type":"default-arg","locations":[{"start":{"line":4,"column":24},"end":{"line":4,"column":37}}]}},"s":{"0":0,"1":0,"2":0},"f":{"0":0},"b":{"0":[0]}}
,"/Users/pramodkumar/Desktop/coding/projects/ExamVerse-AI/backend/src/common/errors/conflict-error.ts": {"path":"/Users/pramodkumar/Desktop/coding/projects/ExamVerse-AI/backend/src/common/errors/conflict-error.ts","statementMap":{"0":{"start":{"line":1,"column":0},"end":{"line":1,"column":39}},"1":{"start":{"line":5,"column":4},"end":{"line":5,"column":24}},"2":{"start":{"line":3,"column":0},"end":{"line":3,"column":13}}},"fnMap":{"0":{"name":"(anonymous_0)","decl":{"start":{"line":4,"column":2},"end":{"line":4,"column":14}},"loc":{"start":{"line":4,"column":34},"end":{"line":6,"column":3}}}},"branchMap":{"0":{"loc":{"start":{"line":4,"column":14},"end":{"line":4,"column":34}},"type":"default-arg","locations":[{"start":{"line":4,"column":24},"end":{"line":4,"column":34}}]}},"s":{"0":0,"1":0,"2":0},"f":{"0":0},"b":{"0":[0]}}
,"/Users/pramodkumar/Desktop/coding/projects/ExamVerse-AI/backend/src/common/errors/forbidden-error.ts": {"path":"/Users/pramodkumar/Desktop/coding/projects/ExamVerse-AI/backend/src/common/errors/forbidden-error.ts","statementMap":{"0":{"start":{"line":1,"column":0},"end":{"line":1,"column":39}},"1":{"start":{"line":5,"column":4},"end":{"line":5,"column":24}},"2":{"start":{"line":3,"column":0},"end":{"line":3,"column":13}}},"fnMap":{"0":{"name":"(anonymous_0)","decl":{"start":{"line":4,"column":2},"end":{"line":4,"column":14}},"loc":{"start":{"line":4,"column":35},"end":{"line":6,"column":3}}}},"branchMap":{"0":{"loc":{"start":{"line":4,"column":14},"end":{"line":4,"column":35}},"type":"default-arg","locations":[{"start":{"line":4,"column":24},"end":{"line":4,"column":35}}]}},"s":{"0":0,"1":0,"2":0},"f":{"0":0},"b":{"0":[0]}}
,"/Users/pramodkumar/Desktop/coding/projects/ExamVerse-AI/backend/src/common/errors/index.ts": {"path":"/Users/pramodkumar/Desktop/coding/projects/ExamVerse-AI/backend/src/common/errors/index.ts","statementMap":{"0":{"start":{"line":1,"column":0},"end":{"line":1,"column":28}},"1":{"start":{"line":2,"column":0},"end":{"line":2,"column":36}},"2":{"start":{"line":3,"column":0},"end":{"line":3,"column":37}},"3":{"start":{"line":4,"column":0},"end":{"line":4,"column":34}},"4":{"start":{"line":5,"column":0},"end":{"line":5,"column":34}},"5":{"start":{"line":6,"column":0},"end":{"line":6,"column":33}}},"fnMap":{},"branchMap":{},"s":{"0":0,"1":0,"2":0,"3":0,"4":0,"5":0},"f":{},"b":{}}
,"/Users/pramodkumar/Desktop/coding/projects/ExamVerse-AI/backend/src/common/errors/not-found-error.ts": {"path":"/Users/pramodkumar/Desktop/coding/projects/ExamVerse-AI/backend/src/common/errors/not-found-error.ts","statementMap":{"0":{"start":{"line":1,"column":0},"end":{"line":1,"column":39}},"1":{"start":{"line":5,"column":4},"end":{"line":5,"column":24}},"2":{"start":{"line":3,"column":0},"end":{"line":3,"column":13}}},"fnMap":{"0":{"name":"(anonymous_0)","decl":{"start":{"line":4,"column":2},"end":{"line":4,"column":14}},"loc":{"start":{"line":4,"column":44},"end":{"line":6,"column":3}}}},"branchMap":{"0":{"loc":{"start":{"line":4,"column":14},"end":{"line":4,"column":44}},"type":"default-arg","locations":[{"start":{"line":4,"column":24},"end":{"line":4,"column":44}}]}},"s":{"0":0,"1":0,"2":0},"f":{"0":0},"b":{"0":[0]}}
,"/Users/pramodkumar/Desktop/coding/projects/ExamVerse-AI/backend/src/common/errors/unauthorized-error.ts": {"path":"/Users/pramodkumar/Desktop/coding/projects/ExamVerse-AI/backend/src/common/errors/unauthorized-error.ts","statementMap":{"0":{"start":{"line":1,"column":0},"end":{"line":1,"column":39}},"1":{"start":{"line":5,"column":4},"end":{"line":5,"column":24}},"2":{"start":{"line":3,"column":0},"end":{"line":3,"column":13}}},"fnMap":{"0":{"name":"(anonymous_0)","decl":{"start":{"line":4,"column":2},"end":{"line":4,"column":14}},"loc":{"start":{"line":4,"column":38},"end":{"line":6,"column":3}}}},"branchMap":{"0":{"loc":{"start":{"line":4,"column":14},"end":{"line":4,"column":38}},"type":"default-arg","locations":[{"start":{"line":4,"column":24},"end":{"line":4,"column":38}}]}},"s":{"0":0,"1":0,"2":0},"f":{"0":0},"b":{"0":[0]}}
,"/Users/pramodkumar/Desktop/coding/projects/ExamVerse-AI/backend/src/common/mappers/index.ts": {"path":"/Users/pramodkumar/Desktop/coding/projects/ExamVerse-AI/backend/src/common/mappers/index.ts","statementMap":{"0":{"start":{"line":1,"column":0},"end":{"line":1,"column":30}}},"fnMap":{},"branchMap":{},"s":{"0":0},"f":{},"b":{}}
,"/Users/pramodkumar/Desktop/coding/projects/ExamVerse-AI/backend/src/common/mappers/user.mapper.ts": {"path":"/Users/pramodkumar/Desktop/coding/projects/ExamVerse-AI/backend/src/common/mappers/user.mapper.ts","statementMap":{"0":{"start":{"line":7,"column":4},"end":{"line":16,"column":6}},"1":{"start":{"line":5,"column":0},"end":{"line":5,"column":13}}},"fnMap":{"0":{"name":"(anonymous_0)","decl":{"start":{"line":6,"column":2},"end":{"line":6,"column":8}},"loc":{"start":{"line":6,"column":25},"end":{"line":17,"column":3}}}},"branchMap":{},"s":{"0":0,"1":0},"f":{"0":0},"b":{}}
,"/Users/pramodkumar/Desktop/coding/projects/ExamVerse-AI/backend/src/common/middleware/async-handler.ts": {"path":"/Users/pramodkumar/Desktop/coding/projects/ExamVerse-AI/backend/src/common/middleware/async-handler.ts","statementMap":{"0":{"start":{"line":7,"column":0},"end":{"line":7,"column":16}},"1":{"start":{"line":19,"column":2},"end":{"line":21,"column":4}},"2":{"start":{"line":20,"column":4},"end":{"line":20,"column":62}}},"fnMap":{"0":{"name":"asyncHandler","decl":{"start":{"line":7,"column":16},"end":{"line":7,"column":28}},"loc":{"start":{"line":17,"column":23},"end":{"line":22,"column":1}}},"1":{"name":"(anonymous_1)","decl":{"start":{"line":19,"column":9},"end":{"line":19,"column":10}},"loc":{"start":{"line":19,"column":28},"end":{"line":21,"column":3}}}},"branchMap":{},"s":{"0":0,"1":0,"2":0},"f":{"0":0,"1":0},"b":{}}
,"/Users/pramodkumar/Desktop/coding/projects/ExamVerse-AI/backend/src/common/middleware/error-handler.ts": {"path":"/Users/pramodkumar/Desktop/coding/projects/ExamVerse-AI/backend/src/common/middleware/error-handler.ts","statementMap":{"0":{"start":{"line":8,"column":0},"end":{"line":8,"column":39}},"1":{"start":{"line":9,"column":0},"end":{"line":9,"column":42}},"2":{"start":{"line":10,"column":0},"end":{"line":10,"column":37}},"3":{"start":{"line":12,"column":49},"end":{"line":43,"column":1}},"4":{"start":{"line":18,"column":2},"end":{"line":31,"column":3}},"5":{"start":{"line":19,"column":4},"end":{"line":23,"column":5}},"6":{"start":{"line":20,"column":6},"end":{"line":20,"column":26}},"7":{"start":{"line":22,"column":6},"end":{"line":22,"column":33}},"8":{"start":{"line":25,"column":4},"end":{"line":28,"column":7}},"9":{"start":{"line":30,"column":4},"end":{"line":30,"column":11}},"10":{"start":{"line":33,"column":2},"end":{"line":33,"column":22}},"11":{"start":{"line":35,"column":2},"end":{"line":42,"column":5}},"12":{"start":{"line":12,"column":13},"end":{"line":12,"column":49}}},"fnMap":{"0":{"name":"(anonymous_0)","decl":{"start":{"line":12,"column":49},"end":{"line":12,"column":null}},"loc":{"start":{"line":17,"column":4},"end":{"line":43,"column":1}}}},"branchMap":{"0":{"loc":{"start":{"line":18,"column":2},"end":{"line":31,"column":3}},"type":"if","locations":[{"start":{"line":18,"column":2},"end":{"line":31,"column":3}},{"start":{},"end":{}}]},"1":{"loc":{"start":{"line":19,"column":4},"end":{"line":23,"column":5}},"type":"if","locations":[{"start":{"line":19,"column":4},"end":{"line":23,"column":5}},{"start":{"line":21,"column":11},"end":{"line":23,"column":5}}]},"2":{"loc":{"start":{"line":38,"column":6},"end":{"line":38,"column":77}},"type":"cond-expr","locations":[{"start":{"line":38,"column":38},"end":{"line":38,"column":61}},{"start":{"line":38,"column":64},"end":{"line":38,"column":77}}]},"3":{"loc":{"start":{"line":39,"column":8},"end":{"line":41,"column":6}},"type":"binary-expr","locations":[{"start":{"line":39,"column":8},"end":{"line":39,"column":37}},{"start":{"line":39,"column":41},"end":{"line":41,"column":6}}]}},"s":{"0":0,"1":0,"2":0,"3":0,"4":0,"5":0,"6":0,"7":0,"8":0,"9":0,"10":0,"11":0,"12":0},"f":{"0":0},"b":{"0":[0,0],"1":[0,0],"2":[0,0],"3":[0,0]}}
,"/Users/pramodkumar/Desktop/coding/projects/ExamVerse-AI/backend/src/common/middleware/index.ts": {"path":"/Users/pramodkumar/Desktop/coding/projects/ExamVerse-AI/backend/src/common/middleware/index.ts","statementMap":{"0":{"start":{"line":1,"column":0},"end":{"line":1,"column":32}},"1":{"start":{"line":2,"column":0},"end":{"line":2,"column":32}},"2":{"start":{"line":3,"column":0},"end":{"line":3,"column":35}}},"fnMap":{},"branchMap":{},"s":{"0":0,"1":0,"2":0},"f":{},"b":{}}
,"/Users/pramodkumar/Desktop/coding/projects/ExamVerse-AI/backend/src/common/middleware/validate-request.ts": {"path":"/Users/pramodkumar/Desktop/coding/projects/ExamVerse-AI/backend/src/common/middleware/validate-request.ts","statementMap":{"0":{"start":{"line":5,"column":0},"end":{"line":5,"column":44}},"1":{"start":{"line":8,"column":2},"end":{"line":23,"column":3}},"2":{"start":{"line":9,"column":2},"end":{"line":23,"column":3}},"3":{"start":{"line":10,"column":19},"end":{"line":10,"column":45}},"4":{"start":{"line":12,"column":4},"end":{"line":18,"column":5}},"5":{"start":{"line":13,"column":6},"end":{"line":17,"column":8}},"6":{"start":{"line":15,"column":45},"end":{"line":15,"column":58}},"7":{"start":{"line":20,"column":4},"end":{"line":20,"column":27}},"8":{"start":{"line":22,"column":4},"end":{"line":22,"column":11}},"9":{"start":{"line":7,"column":13},"end":{"line":7,"column":null}}},"fnMap":{"0":{"name":"(anonymous_0)","decl":{"start":{"line":8,"column":2},"end":{"line":8,"column":3}},"loc":{"start":{"line":9,"column":2},"end":{"line":23,"column":3}}},"1":{"name":"(anonymous_1)","decl":{"start":{"line":9,"column":2},"end":{"line":9,"column":3}},"loc":{"start":{"line":9,"column":55},"end":{"line":23,"column":3}}},"2":{"name":"(anonymous_2)","decl":{"start":{"line":15,"column":34},"end":{"line":15,"column":35}},"loc":{"start":{"line":15,"column":45},"end":{"line":15,"column":58}}}},"branchMap":{"0":{"loc":{"start":{"line":12,"column":4},"end":{"line":18,"column":5}},"type":"if","locations":[{"start":{"line":12,"column":4},"end":{"line":18,"column":5}},{"start":{},"end":{}}]}},"s":{"0":0,"1":0,"2":0,"3":0,"4":0,"5":0,"6":0,"7":0,"8":0,"9":0},"f":{"0":0,"1":0,"2":0},"b":{"0":[0,0]}}
,"/Users/pramodkumar/Desktop/coding/projects/ExamVerse-AI/backend/src/common/response/api-response.ts": {"path":"/Users/pramodkumar/Desktop/coding/projects/ExamVerse-AI/backend/src/common/response/api-response.ts","statementMap":{"0":{"start":{"line":16,"column":4},"end":{"line":20,"column":7}},"1":{"start":{"line":28,"column":4},"end":{"line":28,"column":49}},"2":{"start":{"line":32,"column":4},"end":{"line":32,"column":34}},"3":{"start":{"line":9,"column":0},"end":{"line":9,"column":13}}},"fnMap":{"0":{"name":"(anonymous_0)","decl":{"start":{"line":10,"column":2},"end":{"line":10,"column":8}},"loc":{"start":{"line":14,"column":20},"end":{"line":21,"column":3}}},"1":{"name":"(anonymous_1)","decl":{"start":{"line":23,"column":2},"end":{"line":23,"column":8}},"loc":{"start":{"line":26,"column":45},"end":{"line":29,"column":3}}},"2":{"name":"(anonymous_2)","decl":{"start":{"line":31,"column":2},"end":{"line":31,"column":8}},"loc":{"start":{"line":31,"column":32},"end":{"line":33,"column":3}}}},"branchMap":{"0":{"loc":{"start":{"line":13,"column":4},"end":{"line":13,"column":23}},"type":"default-arg","locations":[{"start":{"line":13,"column":14},"end":{"line":13,"column":23}}]},"1":{"loc":{"start":{"line":14,"column":4},"end":{"line":14,"column":20}},"type":"default-arg","locations":[{"start":{"line":14,"column":17},"end":{"line":14,"column":20}}]},"2":{"loc":{"start":{"line":26,"column":4},"end":{"line":26,"column":45}},"type":"default-arg","locations":[{"start":{"line":26,"column":14},"end":{"line":26,"column":45}}]}},"s":{"0":0,"1":0,"2":0,"3":0},"f":{"0":0,"1":0,"2":0},"b":{"0":[0],"1":[0],"2":[0]}}
,"/Users/pramodkumar/Desktop/coding/projects/ExamVerse-AI/backend/src/common/response/index.ts": {"path":"/Users/pramodkumar/Desktop/coding/projects/ExamVerse-AI/backend/src/common/response/index.ts","statementMap":{"0":{"start":{"line":1,"column":0},"end":{"line":1,"column":31}}},"fnMap":{},"branchMap":{},"s":{"0":0},"f":{},"b":{}}
,"/Users/pramodkumar/Desktop/coding/projects/ExamVerse-AI/backend/src/common/utils/index.ts": {"path":"/Users/pramodkumar/Desktop/coding/projects/ExamVerse-AI/backend/src/common/utils/index.ts","statementMap":{"0":{"start":{"line":1,"column":0},"end":{"line":1,"column":29}},"1":{"start":{"line":2,"column":0},"end":{"line":2,"column":37}}},"fnMap":{},"branchMap":{},"s":{"0":0,"1":0},"f":{},"b":{}}
,"/Users/pramodkumar/Desktop/coding/projects/ExamVerse-AI/backend/src/common/utils/pagination-options.ts": {"path":"/Users/pramodkumar/Desktop/coding/projects/ExamVerse-AI/backend/src/common/utils/pagination-options.ts","statementMap":{"0":{"start":{"line":6,"column":0},"end":{"line":6,"column":16}},"1":{"start":{"line":10,"column":2},"end":{"line":13,"column":4}}},"fnMap":{"0":{"name":"resolvePagination","decl":{"start":{"line":6,"column":16},"end":{"line":6,"column":33}},"loc":{"start":{"line":8,"column":16},"end":{"line":14,"column":1}}}},"branchMap":{"0":{"loc":{"start":{"line":11,"column":10},"end":{"line":11,"column":19}},"type":"binary-expr","locations":[{"start":{"line":11,"column":10},"end":{"line":11,"column":14}},{"start":{"line":11,"column":18},"end":{"line":11,"column":19}}]},"1":{"loc":{"start":{"line":12,"column":11},"end":{"line":12,"column":22}},"type":"binary-expr","locations":[{"start":{"line":12,"column":11},"end":{"line":12,"column":16}},{"start":{"line":12,"column":20},"end":{"line":12,"column":22}}]}},"s":{"0":0,"1":0},"f":{"0":0},"b":{"0":[0,0],"1":[0,0]}}
,"/Users/pramodkumar/Desktop/coding/projects/ExamVerse-AI/backend/src/common/utils/pagination.ts": {"path":"/Users/pramodkumar/Desktop/coding/projects/ExamVerse-AI/backend/src/common/utils/pagination.ts","statementMap":{"0":{"start":{"line":3,"column":0},"end":{"line":3,"column":16}},"1":{"start":{"line":8,"column":2},"end":{"line":13,"column":4}}},"fnMap":{"0":{"name":"buildPagination","decl":{"start":{"line":3,"column":16},"end":{"line":3,"column":31}},"loc":{"start":{"line":6,"column":15},"end":{"line":14,"column":1}}}},"branchMap":{},"s":{"0":0,"1":0},"f":{"0":0},"b":{}}
,"/Users/pramodkumar/Desktop/coding/projects/ExamVerse-AI/backend/src/config/env.ts": {"path":"/Users/pramodkumar/Desktop/coding/projects/ExamVerse-AI/backend/src/config/env.ts","statementMap":{"0":{"start":{"line":1,"column":0},"end":{"line":1,"column":24}},"1":{"start":{"line":3,"column":18},"end":{"line":23,"column":2}},"2":{"start":{"line":25,"column":15},"end":{"line":25,"column":47}},"3":{"start":{"line":27,"column":0},"end":{"line":31,"column":1}},"4":{"start":{"line":28,"column":2},"end":{"line":28,"column":51}},"5":{"start":{"line":29,"column":2},"end":{"line":29,"column":39}},"6":{"start":{"line":30,"column":2},"end":{"line":30,"column":18}},"7":{"start":{"line":33,"column":13},"end":{"line":33,"column":31}}},"fnMap":{},"branchMap":{"0":{"loc":{"start":{"line":27,"column":0},"end":{"line":31,"column":1}},"type":"if","locations":[{"start":{"line":27,"column":0},"end":{"line":31,"column":1}},{"start":{},"end":{}}]}},"s":{"0":0,"1":0,"2":0,"3":0,"4":0,"5":0,"6":0,"7":0},"f":{},"b":{"0":[0,0]}}
,"/Users/pramodkumar/Desktop/coding/projects/ExamVerse-AI/backend/src/config/pdf.config.ts": {"path":"/Users/pramodkumar/Desktop/coding/projects/ExamVerse-AI/backend/src/config/pdf.config.ts","statementMap":{"0":{"start":{"line":1,"column":0},"end":{"line":1,"column":24}},"1":{"start":{"line":3,"column":13},"end":{"line":10,"column":2}}},"fnMap":{},"branchMap":{},"s":{"0":0,"1":0},"f":{},"b":{}}
,"/Users/pramodkumar/Desktop/coding/projects/ExamVerse-AI/backend/src/config/swagger.ts": {"path":"/Users/pramodkumar/Desktop/coding/projects/ExamVerse-AI/backend/src/config/swagger.ts","statementMap":{"0":{"start":{"line":1,"column":0},"end":{"line":1,"column":41}},"1":{"start":{"line":3,"column":13},"end":{"line":20,"column":3}}},"fnMap":{},"branchMap":{},"s":{"0":0,"1":0},"f":{},"b":{}}
,"/Users/pramodkumar/Desktop/coding/projects/ExamVerse-AI/backend/src/lib/bcrypt.ts": {"path":"/Users/pramodkumar/Desktop/coding/projects/ExamVerse-AI/backend/src/lib/bcrypt.ts","statementMap":{"0":{"start":{"line":1,"column":0},"end":{"line":1,"column":28}},"1":{"start":{"line":3,"column":20},"end":{"line":3,"column":22}},"2":{"start":{"line":10,"column":4},"end":{"line":10,"column":46}},"3":{"start":{"line":20,"column":4},"end":{"line":20,"column":50}},"4":{"start":{"line":5,"column":0},"end":{"line":5,"column":13}}},"fnMap":{"0":{"name":"(anonymous_1)","decl":{"start":{"line":9,"column":2},"end":{"line":9,"column":8}},"loc":{"start":{"line":9,"column":36},"end":{"line":11,"column":3}}},"1":{"name":"(anonymous_2)","decl":{"start":{"line":16,"column":2},"end":{"line":16,"column":8}},"loc":{"start":{"line":18,"column":24},"end":{"line":21,"column":3}}}},"branchMap":{},"s":{"0":0,"1":0,"2":0,"3":0,"4":0},"f":{"0":0,"1":0},"b":{}}
,"/Users/pramodkumar/Desktop/coding/projects/ExamVerse-AI/backend/src/lib/crypto.ts": {"path":"/Users/pramodkumar/Desktop/coding/projects/ExamVerse-AI/backend/src/lib/crypto.ts","statementMap":{"0":{"start":{"line":1,"column":0},"end":{"line":1,"column":28}},"1":{"start":{"line":8,"column":4},"end":{"line":8,"column":52}},"2":{"start":{"line":15,"column":4},"end":{"line":15,"column":67}},"3":{"start":{"line":3,"column":0},"end":{"line":3,"column":13}}},"fnMap":{"0":{"name":"(anonymous_1)","decl":{"start":{"line":7,"column":2},"end":{"line":7,"column":8}},"loc":{"start":{"line":7,"column":30},"end":{"line":9,"column":3}}},"1":{"name":"(anonymous_2)","decl":{"start":{"line":14,"column":2},"end":{"line":14,"column":8}},"loc":{"start":{"line":14,"column":29},"end":{"line":16,"column":3}}}},"branchMap":{"0":{"loc":{"start":{"line":7,"column":21},"end":{"line":7,"column":30}},"type":"default-arg","locations":[{"start":{"line":7,"column":28},"end":{"line":7,"column":30}}]}},"s":{"0":0,"1":0,"2":0,"3":0},"f":{"0":0,"1":0},"b":{"0":[0]}}
,"/Users/pramodkumar/Desktop/coding/projects/ExamVerse-AI/backend/src/lib/jwt.ts": {"path":"/Users/pramodkumar/Desktop/coding/projects/ExamVerse-AI/backend/src/lib/jwt.ts","statementMap":{"0":{"start":{"line":1,"column":0},"end":{"line":1,"column":66}},"1":{"start":{"line":3,"column":0},"end":{"line":3,"column":36}},"2":{"start":{"line":14,"column":4},"end":{"line":16,"column":7}},"3":{"start":{"line":20,"column":4},"end":{"line":22,"column":7}},"4":{"start":{"line":26,"column":4},"end":{"line":26,"column":76}},"5":{"start":{"line":30,"column":4},"end":{"line":30,"column":77}},"6":{"start":{"line":12,"column":0},"end":{"line":12,"column":13}}},"fnMap":{"0":{"name":"(anonymous_1)","decl":{"start":{"line":13,"column":2},"end":{"line":13,"column":8}},"loc":{"start":{"line":13,"column":44},"end":{"line":17,"column":3}}},"1":{"name":"(anonymous_2)","decl":{"start":{"line":19,"column":2},"end":{"line":19,"column":8}},"loc":{"start":{"line":19,"column":45},"end":{"line":23,"column":3}}},"2":{"name":"(anonymous_3)","decl":{"start":{"line":25,"column":2},"end":{"line":25,"column":8}},"loc":{"start":{"line":25,"column":40},"end":{"line":27,"column":3}}},"3":{"name":"(anonymous_4)","decl":{"start":{"line":29,"column":2},"end":{"line":29,"column":8}},"loc":{"start":{"line":29,"column":41},"end":{"line":31,"column":3}}}},"branchMap":{},"s":{"0":0,"1":0,"2":0,"3":0,"4":0,"5":0,"6":0},"f":{"0":0,"1":0,"2":0,"3":0},"b":{}}
,"/Users/pramodkumar/Desktop/coding/projects/ExamVerse-AI/backend/src/lib/logger.ts": {"path":"/Users/pramodkumar/Desktop/coding/projects/ExamVerse-AI/backend/src/lib/logger.ts","statementMap":{"0":{"start":{"line":1,"column":0},"end":{"line":1,"column":24}},"1":{"start":{"line":2,"column":0},"end":{"line":2,"column":36}},"2":{"start":{"line":3,"column":13},"end":{"line":17,"column":3}}},"fnMap":{},"branchMap":{"0":{"loc":{"start":{"line":4,"column":9},"end":{"line":4,"column":58}},"type":"cond-expr","locations":[{"start":{"line":4,"column":42},"end":{"line":4,"column":49}},{"start":{"line":4,"column":52},"end":{"line":4,"column":58}}]},"1":{"loc":{"start":{"line":6,"column":4},"end":{"line":15,"column":17}},"type":"cond-expr","locations":[{"start":{"line":7,"column":8},"end":{"line":14,"column":null}},{"start":{"line":15,"column":8},"end":{"line":15,"column":17}}]}},"s":{"0":0,"1":0,"2":0},"f":{},"b":{"0":[0,0],"1":[0,0]}}
,"/Users/pramodkumar/Desktop/coding/projects/ExamVerse-AI/backend/src/lib/prisma.ts": {"path":"/Users/pramodkumar/Desktop/coding/projects/ExamVerse-AI/backend/src/lib/prisma.ts","statementMap":{"0":{"start":{"line":1,"column":0},"end":{"line":1,"column":46}},"1":{"start":{"line":2,"column":0},"end":{"line":2,"column":46}},"2":{"start":{"line":3,"column":0},"end":{"line":3,"column":26}},"3":{"start":{"line":5,"column":0},"end":{"line":5,"column":36}},"4":{"start":{"line":6,"column":0},"end":{"line":6,"column":34}},"5":{"start":{"line":13,"column":13},"end":{"line":15,"column":2}},"6":{"start":{"line":17,"column":16},"end":{"line":17,"column":34}},"7":{"start":{"line":19,"column":27},"end":{"line":26,"column":4}},"8":{"start":{"line":20,"column":2},"end":{"line":26,"column":4}},"9":{"start":{"line":28,"column":13},"end":{"line":28,"column":60}},"10":{"start":{"line":30,"column":0},"end":{"line":32,"column":1}},"11":{"start":{"line":31,"column":2},"end":{"line":31,"column":25}},"12":{"start":{"line":34,"column":0},"end":{"line":42,"column":5}},"13":{"start":{"line":37,"column":4},"end":{"line":37,"column":52}},"14":{"start":{"line":40,"column":4},"end":{"line":40,"column":24}},"15":{"start":{"line":41,"column":4},"end":{"line":41,"column":20}},"16":{"start":{"line":44,"column":0},"end":{"line":44,"column":22}}},"fnMap":{"0":{"name":"(anonymous_0)","decl":{"start":{"line":19,"column":27},"end":{"line":19,"column":30}},"loc":{"start":{"line":20,"column":2},"end":{"line":26,"column":4}}},"1":{"name":"(anonymous_1)","decl":{"start":{"line":36,"column":8},"end":{"line":36,"column":11}},"loc":{"start":{"line":36,"column":13},"end":{"line":38,"column":3}}},"2":{"name":"(anonymous_2)","decl":{"start":{"line":39,"column":9},"end":{"line":39,"column":10}},"loc":{"start":{"line":39,"column":19},"end":{"line":42,"column":3}}}},"branchMap":{"0":{"loc":{"start":{"line":23,"column":6},"end":{"line":25,"column":19}},"type":"cond-expr","locations":[{"start":{"line":24,"column":10},"end":{"line":24,"column":44}},{"start":{"line":25,"column":10},"end":{"line":25,"column":19}}]},"1":{"loc":{"start":{"line":28,"column":22},"end":{"line":28,"column":59}},"type":"binary-expr","locations":[{"start":{"line":28,"column":22},"end":{"line":28,"column":35}},{"start":{"line":28,"column":39},"end":{"line":28,"column":59}}]},"2":{"loc":{"start":{"line":30,"column":0},"end":{"line":32,"column":1}},"type":"if","locations":[{"start":{"line":30,"column":0},"end":{"line":32,"column":1}},{"start":{},"end":{}}]}},"s":{"0":0,"1":0,"2":0,"3":0,"4":0,"5":0,"6":0,"7":0,"8":0,"9":0,"10":0,"11":0,"12":0,"13":0,"14":0,"15":0,"16":0},"f":{"0":0,"1":0,"2":0},"b":{"0":[0,0],"1":[0,0],"2":[0,0]}}
,"/Users/pramodkumar/Desktop/coding/projects/ExamVerse-AI/backend/src/modules/ai/ai.constants.ts": {"path":"/Users/pramodkumar/Desktop/coding/projects/ExamVerse-AI/backend/src/modules/ai/ai.constants.ts","statementMap":{"0":{"start":{"line":1,"column":13},"end":{"line":1,"column":47}},"1":{"start":{"line":3,"column":13},"end":{"line":3,"column":40}},"2":{"start":{"line":5,"column":13},"end":{"line":5,"column":38}}},"fnMap":{},"branchMap":{},"s":{"0":0,"1":0,"2":0},"f":{},"b":{}}
,"/Users/pramodkumar/Desktop/coding/projects/ExamVerse-AI/backend/src/modules/ai/index.ts": {"path":"/Users/pramodkumar/Desktop/coding/projects/ExamVerse-AI/backend/src/modules/ai/index.ts","statementMap":{"0":{"start":{"line":1,"column":0},"end":{"line":1,"column":22}},"1":{"start":{"line":2,"column":0},"end":{"line":2,"column":26}},"2":{"start":{"line":3,"column":0},"end":{"line":3,"column":31}},"3":{"start":{"line":4,"column":0},"end":{"line":4,"column":27}}},"fnMap":{},"branchMap":{},"s":{"0":0,"1":0,"2":0,"3":0},"f":{},"b":{}}
,"/Users/pramodkumar/Desktop/coding/projects/ExamVerse-AI/backend/src/modules/ai-review/index.ts": {"path":"/Users/pramodkumar/Desktop/coding/projects/ExamVerse-AI/backend/src/modules/ai-review/index.ts","statementMap":{"0":{"start":{"line":1,"column":0},"end":{"line":1,"column":30}},"1":{"start":{"line":2,"column":0},"end":{"line":2,"column":31}},"2":{"start":{"line":3,"column":0},"end":{"line":3,"column":25}},"3":{"start":{"line":4,"column":0},"end":{"line":4,"column":27}}},"fnMap":{},"branchMap":{},"s":{"0":0,"1":0,"2":0,"3":0},"f":{},"b":{}}
,"/Users/pramodkumar/Desktop/coding/projects/ExamVerse-AI/backend/src/modules/ai-review/controllers/ai-review.controller.ts": {"path":"/Users/pramodkumar/Desktop/coding/projects/ExamVerse-AI/backend/src/modules/ai-review/controllers/ai-review.controller.ts","statementMap":{"0":{"start":{"line":3,"column":0},"end":{"line":3,"column":58}},"1":{"start":{"line":4,"column":0},"end":{"line":4,"column":55}},"2":{"start":{"line":9,"column":31},"end":{"line":9,"column":64}},"3":{"start":{"line":11,"column":24},"end":{"line":19,"column":4}},"4":{"start":{"line":12,"column":22},"end":{"line":12,"column":70}},"5":{"start":{"line":14,"column":4},"end":{"line":18,"column":6}},"6":{"start":{"line":21,"column":20},"end":{"line":31,"column":4}},"7":{"start":{"line":22,"column":15},"end":{"line":22,"column":78}},"8":{"start":{"line":24,"column":21},"end":{"line":24,"column":67}},"9":{"start":{"line":26,"column":4},"end":{"line":30,"column":6}},"10":{"start":{"line":33,"column":20},"end":{"line":46,"column":4}},"11":{"start":{"line":34,"column":15},"end":{"line":34,"column":78}},"12":{"start":{"line":36,"column":21},"end":{"line":38,"column":null}},"13":{"start":{"line":41,"column":4},"end":{"line":45,"column":6}},"14":{"start":{"line":48,"column":19},"end":{"line":58,"column":4}},"15":{"start":{"line":49,"column":15},"end":{"line":49,"column":78}},"16":{"start":{"line":51,"column":21},"end":{"line":51,"column":79}},"17":{"start":{"line":53,"column":4},"end":{"line":57,"column":6}},"18":{"start":{"line":60,"column":20},"end":{"line":73,"column":4}},"19":{"start":{"line":62,"column":15},"end":{"line":62,"column":78}},"20":{"start":{"line":64,"column":22},"end":{"line":64,"column":33}},"21":{"start":{"line":66,"column":21},"end":{"line":66,"column":78}},"22":{"start":{"line":68,"column":4},"end":{"line":72,"column":6}},"23":{"start":{"line":8,"column":0},"end":{"line":8,"column":13}}},"fnMap":{"0":{"name":"(anonymous_0)","decl":{"start":{"line":9,"column":2},"end":{"line":9,"column":31}},"loc":{"start":{"line":9,"column":64},"end":{"line":9,"column":68}}},"1":{"name":"(anonymous_1)","decl":{"start":{"line":11,"column":37},"end":{"line":11,"column":42}},"loc":{"start":{"line":11,"column":76},"end":{"line":19,"column":3}}},"2":{"name":"(anonymous_2)","decl":{"start":{"line":21,"column":33},"end":{"line":21,"column":38}},"loc":{"start":{"line":21,"column":71},"end":{"line":31,"column":3}}},"3":{"name":"(anonymous_3)","decl":{"start":{"line":33,"column":33},"end":{"line":33,"column":38}},"loc":{"start":{"line":33,"column":71},"end":{"line":46,"column":3}}},"4":{"name":"(anonymous_4)","decl":{"start":{"line":48,"column":32},"end":{"line":48,"column":37}},"loc":{"start":{"line":48,"column":70},"end":{"line":58,"column":3}}},"5":{"name":"(anonymous_5)","decl":{"start":{"line":60,"column":33},"end":{"line":60,"column":38}},"loc":{"start":{"line":60,"column":71},"end":{"line":73,"column":3}}}},"branchMap":{"0":{"loc":{"start":{"line":22,"column":15},"end":{"line":22,"column":78}},"type":"cond-expr","locations":[{"start":{"line":22,"column":46},"end":{"line":22,"column":62}},{"start":{"line":22,"column":65},"end":{"line":22,"column":78}}]},"1":{"loc":{"start":{"line":34,"column":15},"end":{"line":34,"column":78}},"type":"cond-expr","locations":[{"start":{"line":34,"column":46},"end":{"line":34,"column":62}},{"start":{"line":34,"column":65},"end":{"line":34,"column":78}}]},"2":{"loc":{"start":{"line":49,"column":15},"end":{"line":49,"column":78}},"type":"cond-expr","locations":[{"start":{"line":49,"column":46},"end":{"line":49,"column":62}},{"start":{"line":49,"column":65},"end":{"line":49,"column":78}}]},"3":{"loc":{"start":{"line":62,"column":15},"end":{"line":62,"column":78}},"type":"cond-expr","locations":[{"start":{"line":62,"column":46},"end":{"line":62,"column":62}},{"start":{"line":62,"column":65},"end":{"line":62,"column":78}}]}},"s":{"0":0,"1":0,"2":0,"3":0,"4":0,"5":0,"6":0,"7":0,"8":0,"9":0,"10":0,"11":0,"12":0,"13":0,"14":0,"15":0,"16":0,"17":0,"18":0,"19":0,"20":0,"21":0,"22":0,"23":0},"f":{"0":0,"1":0,"2":0,"3":0,"4":0,"5":0},"b":{"0":[0,0],"1":[0,0],"2":[0,0],"3":[0,0]}}
,"/Users/pramodkumar/Desktop/coding/projects/ExamVerse-AI/backend/src/modules/ai-review/controllers/index.ts": {"path":"/Users/pramodkumar/Desktop/coding/projects/ExamVerse-AI/backend/src/modules/ai-review/controllers/index.ts","statementMap":{"0":{"start":{"line":1,"column":0},"end":{"line":1,"column":39}}},"fnMap":{},"branchMap":{},"s":{"0":0},"f":{},"b":{}}
,"/Users/pramodkumar/Desktop/coding/projects/ExamVerse-AI/backend/src/modules/ai-review/mappers/question-type.mapper.ts": {"path":"/Users/pramodkumar/Desktop/coding/projects/ExamVerse-AI/backend/src/modules/ai-review/mappers/question-type.mapper.ts","statementMap":{"0":{"start":{"line":3,"column":0},"end":{"line":3,"column":16}},"1":{"start":{"line":1,"column":0},"end":{"line":1,"column":46}},"2":{"start":{"line":4,"column":2},"end":{"line":23,"column":3}},"3":{"start":{"line":6,"column":6},"end":{"line":6,"column":30}},"4":{"start":{"line":9,"column":6},"end":{"line":9,"column":42}},"5":{"start":{"line":12,"column":6},"end":{"line":12,"column":37}},"6":{"start":{"line":15,"column":6},"end":{"line":15,"column":36}},"7":{"start":{"line":18,"column":6},"end":{"line":18,"column":36}},"8":{"start":{"line":22,"column":6},"end":{"line":22,"column":38}}},"fnMap":{"0":{"name":"mapQuestionType","decl":{"start":{"line":3,"column":16},"end":{"line":3,"column":31}},"loc":{"start":{"line":3,"column":44},"end":{"line":24,"column":1}}}},"branchMap":{"0":{"loc":{"start":{"line":4,"column":2},"end":{"line":23,"column":3}},"type":"switch","locations":[{"start":{"line":5,"column":4},"end":{"line":6,"column":30}},{"start":{"line":8,"column":4},"end":{"line":9,"column":42}},{"start":{"line":11,"column":4},"end":{"line":12,"column":37}},{"start":{"line":14,"column":4},"end":{"line":15,"column":36}},{"start":{"line":17,"column":4},"end":{"line":18,"column":36}},{"start":{"line":20,"column":4},"end":{"line":20,"column":23}},{"start":{"line":21,"column":4},"end":{"line":22,"column":38}}]}},"s":{"0":0,"1":0,"2":0,"3":0,"4":0,"5":0,"6":0,"7":0,"8":0},"f":{"0":0},"b":{"0":[0,0,0,0,0,0,0]}}
,"/Users/pramodkumar/Desktop/coding/projects/ExamVerse-AI/backend/src/modules/ai-review/repositories/ai-review.repository.ts": {"path":"/Users/pramodkumar/Desktop/coding/projects/ExamVerse-AI/backend/src/modules/ai-review/repositories/ai-review.repository.ts","statementMap":{"0":{"start":{"line":1,"column":0},"end":{"line":1,"column":null}},"1":{"start":{"line":9,"column":0},"end":{"line":9,"column":45}},"2":{"start":{"line":13,"column":0},"end":{"line":13,"column":66}},"3":{"start":{"line":17,"column":4},"end":{"line":24,"column":7}},"4":{"start":{"line":28,"column":4},"end":{"line":32,"column":7}},"5":{"start":{"line":40,"column":4},"end":{"line":49,"column":7}},"6":{"start":{"line":56,"column":4},"end":{"line":86,"column":7}},"7":{"start":{"line":57,"column":41},"end":{"line":85,"column":8}},"8":{"start":{"line":90,"column":22},"end":{"line":94,"column":6}},"9":{"start":{"line":96,"column":4},"end":{"line":98,"column":5}},"10":{"start":{"line":97,"column":6},"end":{"line":97,"column":58}},"11":{"start":{"line":100,"column":4},"end":{"line":151,"column":7}},"12":{"start":{"line":101,"column":23},"end":{"line":138,"column":8}},"13":{"start":{"line":140,"column":6},"end":{"line":148,"column":9}},"14":{"start":{"line":150,"column":6},"end":{"line":150,"column":22}},"15":{"start":{"line":15,"column":0},"end":{"line":15,"column":13}}},"fnMap":{"0":{"name":"(anonymous_0)","decl":{"start":{"line":16,"column":2},"end":{"line":16,"column":7}},"loc":{"start":{"line":16,"column":22},"end":{"line":25,"column":3}}},"1":{"name":"(anonymous_1)","decl":{"start":{"line":27,"column":2},"end":{"line":27,"column":7}},"loc":{"start":{"line":27,"column":27},"end":{"line":33,"column":3}}},"2":{"name":"(anonymous_2)","decl":{"start":{"line":35,"column":2},"end":{"line":35,"column":7}},"loc":{"start":{"line":38,"column":24},"end":{"line":50,"column":3}}},"3":{"name":"(anonymous_3)","decl":{"start":{"line":52,"column":2},"end":{"line":52,"column":7}},"loc":{"start":{"line":54,"column":44},"end":{"line":87,"column":3}}},"4":{"name":"(anonymous_4)","decl":{"start":{"line":57,"column":26},"end":{"line":57,"column":27}},"loc":{"start":{"line":57,"column":41},"end":{"line":85,"column":8}}},"5":{"name":"(anonymous_5)","decl":{"start":{"line":89,"column":2},"end":{"line":89,"column":7}},"loc":{"start":{"line":89,"column":53},"end":{"line":152,"column":3}}},"6":{"name":"(anonymous_6)","decl":{"start":{"line":100,"column":31},"end":{"line":100,"column":36}},"loc":{"start":{"line":100,"column":44},"end":{"line":151,"column":5}}}},"branchMap":{"0":{"loc":{"start":{"line":96,"column":4},"end":{"line":98,"column":5}},"type":"if","locations":[{"start":{"line":96,"column":4},"end":{"line":98,"column":5}},{"start":{},"end":{}}]},"1":{"loc":{"start":{"line":110,"column":12},"end":{"line":114,"column":40}},"type":"cond-expr","locations":[{"start":{"line":111,"column":16},"end":{"line":111,"column":36}},{"start":{"line":112,"column":16},"end":{"line":114,"column":40}}]},"2":{"loc":{"start":{"line":112,"column":16},"end":{"line":114,"column":40}},"type":"cond-expr","locations":[{"start":{"line":113,"column":18},"end":{"line":113,"column":38}},{"start":{"line":114,"column":18},"end":{"line":114,"column":40}}]}},"s":{"0":0,"1":0,"2":0,"3":0,"4":0,"5":0,"6":0,"7":0,"8":0,"9":0,"10":0,"11":0,"12":0,"13":0,"14":0,"15":0},"f":{"0":0,"1":0,"2":0,"3":0,"4":0,"5":0,"6":0},"b":{"0":[0,0],"1":[0,0],"2":[0,0]}}
,"/Users/pramodkumar/Desktop/coding/projects/ExamVerse-AI/backend/src/modules/ai-review/repositories/index.ts": {"path":"/Users/pramodkumar/Desktop/coding/projects/ExamVerse-AI/backend/src/modules/ai-review/repositories/index.ts","statementMap":{"0":{"start":{"line":1,"column":0},"end":{"line":1,"column":39}},"1":{"start":{"line":2,"column":0},"end":{"line":2,"column":49}}},"fnMap":{},"branchMap":{},"s":{"0":0,"1":0},"f":{},"b":{}}
,"/Users/pramodkumar/Desktop/coding/projects/ExamVerse-AI/backend/src/modules/ai-review/routes/ai-review.routes.ts": {"path":"/Users/pramodkumar/Desktop/coding/projects/ExamVerse-AI/backend/src/modules/ai-review/routes/ai-review.routes.ts","statementMap":{"0":{"start":{"line":1,"column":0},"end":{"line":1,"column":33}},"1":{"start":{"line":2,"column":0},"end":{"line":2,"column":42}},"2":{"start":{"line":4,"column":0},"end":{"line":4,"column":64}},"3":{"start":{"line":6,"column":0},"end":{"line":6,"column":52}},"4":{"start":{"line":8,"column":0},"end":{"line":8,"column":53}},"5":{"start":{"line":10,"column":0},"end":{"line":10,"column":46}},"6":{"start":{"line":12,"column":15},"end":{"line":12,"column":23}},"7":{"start":{"line":14,"column":19},"end":{"line":14,"column":43}},"8":{"start":{"line":16,"column":16},"end":{"line":16,"column":47}},"9":{"start":{"line":18,"column":19},"end":{"line":18,"column":50}},"10":{"start":{"line":20,"column":0},"end":{"line":25,"column":2}},"11":{"start":{"line":27,"column":0},"end":{"line":32,"column":2}},"12":{"start":{"line":34,"column":0},"end":{"line":39,"column":2}},"13":{"start":{"line":41,"column":0},"end":{"line":46,"column":2}},"14":{"start":{"line":48,"column":0},"end":{"line":53,"column":2}},"15":{"start":{"line":55,"column":0},"end":{"line":55,"column":22}}},"fnMap":{},"branchMap":{},"s":{"0":0,"1":0,"2":0,"3":0,"4":0,"5":0,"6":0,"7":0,"8":0,"9":0,"10":0,"11":0,"12":0,"13":0,"14":0,"15":0},"f":{},"b":{}}
,"/Users/pramodkumar/Desktop/coding/projects/ExamVerse-AI/backend/src/modules/ai-review/routes/index.ts": {"path":"/Users/pramodkumar/Desktop/coding/projects/ExamVerse-AI/backend/src/modules/ai-review/routes/index.ts","statementMap":{"0":{"start":{"line":1,"column":0},"end":{"line":1,"column":9}},"1":{"start":{"line":1,"column":9},"end":{"line":1,"column":34}}},"fnMap":{"0":{"name":"(anonymous_1)","decl":{"start":{"line":1,"column":9},"end":{"line":1,"column":16}},"loc":{"start":{"line":1,"column":9},"end":{"line":1,"column":34}}}},"branchMap":{},"s":{"0":0,"1":0},"f":{"0":0},"b":{}}
,"/Users/pramodkumar/Desktop/coding/projects/ExamVerse-AI/backend/src/modules/ai-review/services/ai-review.service.ts": {"path":"/Users/pramodkumar/Desktop/coding/projects/ExamVerse-AI/backend/src/modules/ai-review/services/ai-review.service.ts","statementMap":{"0":{"start":{"line":1,"column":0},"end":{"line":1,"column":58}},"1":{"start":{"line":8,"column":31},"end":{"line":8,"column":62}},"2":{"start":{"line":11,"column":4},"end":{"line":11,"column":44}},"3":{"start":{"line":15,"column":4},"end":{"line":15,"column":40}},"4":{"start":{"line":19,"column":21},"end":{"line":19,"column":55}},"5":{"start":{"line":21,"column":4},"end":{"line":23,"column":5}},"6":{"start":{"line":22,"column":6},"end":{"line":22,"column":58}},"7":{"start":{"line":25,"column":4},"end":{"line":27,"column":5}},"8":{"start":{"line":26,"column":6},"end":{"line":26,"column":65}},"9":{"start":{"line":29,"column":4},"end":{"line":33,"column":6}},"10":{"start":{"line":37,"column":21},"end":{"line":37,"column":55}},"11":{"start":{"line":39,"column":4},"end":{"line":41,"column":5}},"12":{"start":{"line":40,"column":6},"end":{"line":40,"column":58}},"13":{"start":{"line":43,"column":4},"end":{"line":45,"column":5}},"14":{"start":{"line":44,"column":6},"end":{"line":44,"column":65}},"15":{"start":{"line":47,"column":4},"end":{"line":51,"column":6}},"16":{"start":{"line":58,"column":4},"end":{"line":58,"column":60}},"17":{"start":{"line":62,"column":21},"end":{"line":62,"column":55}},"18":{"start":{"line":64,"column":4},"end":{"line":66,"column":5}},"19":{"start":{"line":65,"column":6},"end":{"line":65,"column":58}},"20":{"start":{"line":68,"column":4},"end":{"line":70,"column":5}},"21":{"start":{"line":69,"column":6},"end":{"line":69,"column":67}},"22":{"start":{"line":72,"column":4},"end":{"line":74,"column":5}},"23":{"start":{"line":73,"column":6},"end":{"line":73,"column":62}},"24":{"start":{"line":76,"column":4},"end":{"line":76,"column":58}},"25":{"start":{"line":7,"column":0},"end":{"line":7,"column":13}}},"fnMap":{"0":{"name":"(anonymous_0)","decl":{"start":{"line":8,"column":2},"end":{"line":8,"column":31}},"loc":{"start":{"line":8,"column":62},"end":{"line":8,"column":66}}},"1":{"name":"(anonymous_1)","decl":{"start":{"line":10,"column":2},"end":{"line":10,"column":7}},"loc":{"start":{"line":10,"column":27},"end":{"line":12,"column":3}}},"2":{"name":"(anonymous_2)","decl":{"start":{"line":14,"column":2},"end":{"line":14,"column":7}},"loc":{"start":{"line":14,"column":34},"end":{"line":16,"column":3}}},"3":{"name":"(anonymous_3)","decl":{"start":{"line":18,"column":2},"end":{"line":18,"column":7}},"loc":{"start":{"line":18,"column":56},"end":{"line":34,"column":3}}},"4":{"name":"(anonymous_4)","decl":{"start":{"line":36,"column":2},"end":{"line":36,"column":7}},"loc":{"start":{"line":36,"column":55},"end":{"line":52,"column":3}}},"5":{"name":"(anonymous_5)","decl":{"start":{"line":54,"column":2},"end":{"line":54,"column":7}},"loc":{"start":{"line":56,"column":44},"end":{"line":59,"column":3}}},"6":{"name":"(anonymous_6)","decl":{"start":{"line":61,"column":2},"end":{"line":61,"column":7}},"loc":{"start":{"line":61,"column":53},"end":{"line":77,"column":3}}}},"branchMap":{"0":{"loc":{"start":{"line":21,"column":4},"end":{"line":23,"column":5}},"type":"if","locations":[{"start":{"line":21,"column":4},"end":{"line":23,"column":5}},{"start":{},"end":{}}]},"1":{"loc":{"start":{"line":25,"column":4},"end":{"line":27,"column":5}},"type":"if","locations":[{"start":{"line":25,"column":4},"end":{"line":27,"column":5}},{"start":{},"end":{}}]},"2":{"loc":{"start":{"line":39,"column":4},"end":{"line":41,"column":5}},"type":"if","locations":[{"start":{"line":39,"column":4},"end":{"line":41,"column":5}},{"start":{},"end":{}}]},"3":{"loc":{"start":{"line":43,"column":4},"end":{"line":45,"column":5}},"type":"if","locations":[{"start":{"line":43,"column":4},"end":{"line":45,"column":5}},{"start":{},"end":{}}]},"4":{"loc":{"start":{"line":64,"column":4},"end":{"line":66,"column":5}},"type":"if","locations":[{"start":{"line":64,"column":4},"end":{"line":66,"column":5}},{"start":{},"end":{}}]},"5":{"loc":{"start":{"line":68,"column":4},"end":{"line":70,"column":5}},"type":"if","locations":[{"start":{"line":68,"column":4},"end":{"line":70,"column":5}},{"start":{},"end":{}}]},"6":{"loc":{"start":{"line":72,"column":4},"end":{"line":74,"column":5}},"type":"if","locations":[{"start":{"line":72,"column":4},"end":{"line":74,"column":5}},{"start":{},"end":{}}]}},"s":{"0":0,"1":0,"2":0,"3":0,"4":0,"5":0,"6":0,"7":0,"8":0,"9":0,"10":0,"11":0,"12":0,"13":0,"14":0,"15":0,"16":0,"17":0,"18":0,"19":0,"20":0,"21":0,"22":0,"23":0,"24":0,"25":0},"f":{"0":0,"1":0,"2":0,"3":0,"4":0,"5":0,"6":0},"b":{"0":[0,0],"1":[0,0],"2":[0,0],"3":[0,0],"4":[0,0],"5":[0,0],"6":[0,0]}}
,"/Users/pramodkumar/Desktop/coding/projects/ExamVerse-AI/backend/src/modules/ai-review/services/index.ts": {"path":"/Users/pramodkumar/Desktop/coding/projects/ExamVerse-AI/backend/src/modules/ai-review/services/index.ts","statementMap":{"0":{"start":{"line":1,"column":0},"end":{"line":1,"column":36}},"1":{"start":{"line":2,"column":0},"end":{"line":2,"column":46}}},"fnMap":{},"branchMap":{},"s":{"0":0,"1":0},"f":{},"b":{}}
,"/Users/pramodkumar/Desktop/coding/projects/ExamVerse-AI/backend/src/modules/ai/controllers/ai.controller.ts": {"path":"/Users/pramodkumar/Desktop/coding/projects/ExamVerse-AI/backend/src/modules/ai/controllers/ai.controller.ts","statementMap":{"0":{"start":{"line":3,"column":0},"end":{"line":3,"column":58}},"1":{"start":{"line":4,"column":0},"end":{"line":4,"column":55}},"2":{"start":{"line":12,"column":21},"end":{"line":12,"column":42}},"3":{"start":{"line":13,"column":21},"end":{"line":13,"column":74}},"4":{"start":{"line":14,"column":21},"end":{"line":14,"column":54}},"5":{"start":{"line":17,"column":13},"end":{"line":23,"column":4}},"6":{"start":{"line":18,"column":23},"end":{"line":18,"column":31}},"7":{"start":{"line":20,"column":19},"end":{"line":20,"column":63}},"8":{"start":{"line":22,"column":4},"end":{"line":22,"column":79}},"9":{"start":{"line":25,"column":21},"end":{"line":40,"column":4}},"10":{"start":{"line":26,"column":33},"end":{"line":26,"column":41}},"11":{"start":{"line":28,"column":19},"end":{"line":28,"column":78}},"12":{"start":{"line":30,"column":4},"end":{"line":33,"column":6}},"13":{"start":{"line":35,"column":4},"end":{"line":39,"column":6}},"14":{"start":{"line":10,"column":0},"end":{"line":10,"column":13}}},"fnMap":{"0":{"name":"(anonymous_0)","decl":{"start":{"line":11,"column":2},"end":{"line":11,"column":null}},"loc":{"start":{"line":14,"column":54},"end":{"line":15,"column":6}}},"1":{"name":"(anonymous_1)","decl":{"start":{"line":17,"column":26},"end":{"line":17,"column":31}},"loc":{"start":{"line":17,"column":64},"end":{"line":23,"column":3}}},"2":{"name":"(anonymous_2)","decl":{"start":{"line":25,"column":34},"end":{"line":25,"column":39}},"loc":{"start":{"line":25,"column":72},"end":{"line":40,"column":3}}}},"branchMap":{},"s":{"0":0,"1":0,"2":0,"3":0,"4":0,"5":0,"6":0,"7":0,"8":0,"9":0,"10":0,"11":0,"12":0,"13":0,"14":0},"f":{"0":0,"1":0,"2":0},"b":{}}
,"/Users/pramodkumar/Desktop/coding/projects/ExamVerse-AI/backend/src/modules/ai/controllers/extract-questions.schema.ts": {"path":"/Users/pramodkumar/Desktop/coding/projects/ExamVerse-AI/backend/src/modules/ai/controllers/extract-questions.schema.ts","statementMap":{"0":{"start":{"line":1,"column":0},"end":{"line":1,"column":24}},"1":{"start":{"line":3,"column":13},"end":{"line":5,"column":3}}},"fnMap":{},"branchMap":{},"s":{"0":0,"1":0},"f":{},"b":{}}
,"/Users/pramodkumar/Desktop/coding/projects/ExamVerse-AI/backend/src/modules/ai/controllers/index.ts": {"path":"/Users/pramodkumar/Desktop/coding/projects/ExamVerse-AI/backend/src/modules/ai/controllers/index.ts","statementMap":{"0":{"start":{"line":1,"column":0},"end":{"line":1,"column":32}},"1":{"start":{"line":2,"column":0},"end":{"line":2,"column":43}}},"fnMap":{},"branchMap":{},"s":{"0":0,"1":0},"f":{},"b":{}}
,"/Users/pramodkumar/Desktop/coding/projects/ExamVerse-AI/backend/src/modules/ai/dto/index.ts": {"path":"/Users/pramodkumar/Desktop/coding/projects/ExamVerse-AI/backend/src/modules/ai/dto/index.ts","statementMap":{"0":{"start":{"line":1,"column":0},"end":{"line":1,"column":39}}},"fnMap":{},"branchMap":{},"s":{"0":0},"f":{},"b":{}}
,"/Users/pramodkumar/Desktop/coding/projects/ExamVerse-AI/backend/src/modules/ai/parser/index.ts": {"path":"/Users/pramodkumar/Desktop/coding/projects/ExamVerse-AI/backend/src/modules/ai/parser/index.ts","statementMap":{"0":{"start":{"line":1,"column":0},"end":{"line":1,"column":39}}},"fnMap":{},"branchMap":{},"s":{"0":0},"f":{},"b":{}}
,"/Users/pramodkumar/Desktop/coding/projects/ExamVerse-AI/backend/src/modules/ai/parser/json-response.parser.ts": {"path":"/Users/pramodkumar/Desktop/coding/projects/ExamVerse-AI/backend/src/modules/ai/parser/json-response.parser.ts","statementMap":{"0":{"start":{"line":3,"column":20},"end":{"line":6,"column":13}},"1":{"start":{"line":8,"column":18},"end":{"line":8,"column":38}},"2":{"start":{"line":9,"column":16},"end":{"line":9,"column":40}},"3":{"start":{"line":11,"column":4},"end":{"line":13,"column":5}},"4":{"start":{"line":12,"column":6},"end":{"line":12,"column":61}},"5":{"start":{"line":15,"column":17},"end":{"line":15,"column":50}},"6":{"start":{"line":17,"column":4},"end":{"line":17,"column":33}},"7":{"start":{"line":1,"column":0},"end":{"line":1,"column":13}}},"fnMap":{"0":{"name":"(anonymous_0)","decl":{"start":{"line":2,"column":2},"end":{"line":2,"column":8}},"loc":{"start":{"line":2,"column":34},"end":{"line":18,"column":3}}}},"branchMap":{"0":{"loc":{"start":{"line":11,"column":4},"end":{"line":13,"column":5}},"type":"if","locations":[{"start":{"line":11,"column":4},"end":{"line":13,"column":5}},{"start":{},"end":{}}]},"1":{"loc":{"start":{"line":11,"column":8},"end":{"line":11,"column":34}},"type":"binary-expr","locations":[{"start":{"line":11,"column":8},"end":{"line":11,"column":20}},{"start":{"line":11,"column":24},"end":{"line":11,"column":34}}]}},"s":{"0":0,"1":0,"2":0,"3":0,"4":0,"5":0,"6":0,"7":0},"f":{"0":0},"b":{"0":[0,0],"1":[0,0]}}
,"/Users/pramodkumar/Desktop/coding/projects/ExamVerse-AI/backend/src/modules/ai/prompts/index.ts": {"path":"/Users/pramodkumar/Desktop/coding/projects/ExamVerse-AI/backend/src/modules/ai/prompts/index.ts","statementMap":{"0":{"start":{"line":1,"column":0},"end":{"line":1,"column":45}}},"fnMap":{},"branchMap":{},"s":{"0":0},"f":{},"b":{}}
,"/Users/pramodkumar/Desktop/coding/projects/ExamVerse-AI/backend/src/modules/ai/prompts/question-extraction.prompt.ts": {"path":"/Users/pramodkumar/Desktop/coding/projects/ExamVerse-AI/backend/src/modules/ai/prompts/question-extraction.prompt.ts","statementMap":{"0":{"start":{"line":1,"column":45},"end":{"line":51,"column":2}},"1":{"start":{"line":1,"column":71},"end":{"line":51,"column":2}},"2":{"start":{"line":1,"column":13},"end":{"line":1,"column":45}}},"fnMap":{"0":{"name":"(anonymous_0)","decl":{"start":{"line":1,"column":45},"end":{"line":1,"column":46}},"loc":{"start":{"line":1,"column":71},"end":{"line":51,"column":2}}}},"branchMap":{},"s":{"0":0,"1":0,"2":0},"f":{"0":0},"b":{}}
,"/Users/pramodkumar/Desktop/coding/projects/ExamVerse-AI/backend/src/modules/ai/routes/ai.routes.ts": {"path":"/Users/pramodkumar/Desktop/coding/projects/ExamVerse-AI/backend/src/modules/ai/routes/ai.routes.ts","statementMap":{"0":{"start":{"line":1,"column":0},"end":{"line":1,"column":33}},"1":{"start":{"line":2,"column":0},"end":{"line":2,"column":42}},"2":{"start":{"line":4,"column":0},"end":{"line":4,"column":64}},"3":{"start":{"line":6,"column":0},"end":{"line":6,"column":61}},"4":{"start":{"line":8,"column":0},"end":{"line":8,"column":75}},"5":{"start":{"line":10,"column":0},"end":{"line":10,"column":46}},"6":{"start":{"line":12,"column":0},"end":{"line":12,"column":67}},"7":{"start":{"line":13,"column":0},"end":{"line":13,"column":66}},"8":{"start":{"line":15,"column":0},"end":{"line":15,"column":59}},"9":{"start":{"line":17,"column":15},"end":{"line":17,"column":23}},"10":{"start":{"line":19,"column":0},"end":{"line":19,"column":22}},"11":{"start":{"line":21,"column":18},"end":{"line":21,"column":33}},"12":{"start":{"line":23,"column":27},"end":{"line":23,"column":51}},"13":{"start":{"line":25,"column":24},"end":{"line":25,"column":63}},"14":{"start":{"line":27,"column":34},"end":{"line":27,"column":74}},"15":{"start":{"line":29,"column":21},"end":{"line":32,"column":null}},"16":{"start":{"line":35,"column":0},"end":{"line":41,"column":2}},"17":{"start":{"line":44,"column":0},"end":{"line":50,"column":2}}},"fnMap":{},"branchMap":{},"s":{"0":0,"1":0,"2":0,"3":0,"4":0,"5":0,"6":0,"7":0,"8":0,"9":0,"10":0,"11":0,"12":0,"13":0,"14":0,"15":0,"16":0,"17":0},"f":{},"b":{}}
,"/Users/pramodkumar/Desktop/coding/projects/ExamVerse-AI/backend/src/modules/ai/routes/index.ts": {"path":"/Users/pramodkumar/Desktop/coding/projects/ExamVerse-AI/backend/src/modules/ai/routes/index.ts","statementMap":{"0":{"start":{"line":1,"column":0},"end":{"line":1,"column":9}},"1":{"start":{"line":1,"column":9},"end":{"line":1,"column":28}}},"fnMap":{"0":{"name":"(anonymous_1)","decl":{"start":{"line":1,"column":9},"end":{"line":1,"column":16}},"loc":{"start":{"line":1,"column":9},"end":{"line":1,"column":28}}}},"branchMap":{},"s":{"0":0,"1":0},"f":{"0":0},"b":{}}
,"/Users/pramodkumar/Desktop/coding/projects/ExamVerse-AI/backend/src/modules/ai/schemas/extract-questions.schema.ts": {"path":"/Users/pramodkumar/Desktop/coding/projects/ExamVerse-AI/backend/src/modules/ai/schemas/extract-questions.schema.ts","statementMap":{"0":{"start":{"line":1,"column":0},"end":{"line":1,"column":24}},"1":{"start":{"line":3,"column":13},"end":{"line":7,"column":3}}},"fnMap":{},"branchMap":{},"s":{"0":0,"1":0},"f":{},"b":{}}
,"/Users/pramodkumar/Desktop/coding/projects/ExamVerse-AI/backend/src/modules/ai/schemas/generate-content.schema.ts": {"path":"/Users/pramodkumar/Desktop/coding/projects/ExamVerse-AI/backend/src/modules/ai/schemas/generate-content.schema.ts","statementMap":{"0":{"start":{"line":1,"column":0},"end":{"line":1,"column":24}},"1":{"start":{"line":3,"column":13},"end":{"line":5,"column":3}}},"fnMap":{},"branchMap":{},"s":{"0":0,"1":0},"f":{},"b":{}}
,"/Users/pramodkumar/Desktop/coding/projects/ExamVerse-AI/backend/src/modules/ai/schemas/index.ts": {"path":"/Users/pramodkumar/Desktop/coding/projects/ExamVerse-AI/backend/src/modules/ai/schemas/index.ts","statementMap":{"0":{"start":{"line":1,"column":0},"end":{"line":1,"column":42}},"1":{"start":{"line":2,"column":0},"end":{"line":2,"column":43}}},"fnMap":{},"branchMap":{},"s":{"0":0,"1":0},"f":{},"b":{}}
,"/Users/pramodkumar/Desktop/coding/projects/ExamVerse-AI/backend/src/modules/ai/services/ai.service.ts": {"path":"/Users/pramodkumar/Desktop/coding/projects/ExamVerse-AI/backend/src/modules/ai/services/ai.service.ts","statementMap":{"0":{"start":{"line":1,"column":0},"end":{"line":1,"column":44}},"1":{"start":{"line":2,"column":0},"end":{"line":2,"column":42}},"2":{"start":{"line":4,"column":0},"end":{"line":4,"column":47}},"3":{"start":{"line":8,"column":0},"end":{"line":8,"column":45}},"4":{"start":{"line":14,"column":4},"end":{"line":16,"column":7}},"5":{"start":{"line":20,"column":24},"end":{"line":20,"column":25}},"6":{"start":{"line":22,"column":4},"end":{"line":54,"column":5}},"7":{"start":{"line":22,"column":23},"end":{"line":22,"column":24}},"8":{"start":{"line":23,"column":6},"end":{"line":53,"column":7}},"9":{"start":{"line":24,"column":25},"end":{"line":27,"column":10}},"10":{"start":{"line":29,"column":8},"end":{"line":31,"column":10}},"11":{"start":{"line":33,"column":24},"end":{"line":33,"column":44}},"12":{"start":{"line":36,"column":10},"end":{"line":36,"column":68}},"13":{"start":{"line":38,"column":8},"end":{"line":42,"column":9}},"14":{"start":{"line":39,"column":10},"end":{"line":39,"column":68}},"15":{"start":{"line":39,"column":41},"end":{"line":39,"column":66}},"16":{"start":{"line":41,"column":10},"end":{"line":41,"column":19}},"17":{"start":{"line":43,"column":8},"end":{"line":49,"column":10}},"18":{"start":{"line":50,"column":8},"end":{"line":52,"column":10}},"19":{"start":{"line":56,"column":4},"end":{"line":56,"column":74}},"20":{"start":{"line":10,"column":0},"end":{"line":10,"column":13}}},"fnMap":{"0":{"name":"(anonymous_0)","decl":{"start":{"line":13,"column":2},"end":{"line":13,"column":null}},"loc":{"start":{"line":13,"column":2},"end":{"line":17,"column":3}}},"1":{"name":"(anonymous_1)","decl":{"start":{"line":19,"column":2},"end":{"line":19,"column":7}},"loc":{"start":{"line":19,"column":38},"end":{"line":57,"column":3}}},"2":{"name":"(anonymous_2)","decl":{"start":{"line":39,"column":28},"end":{"line":39,"column":29}},"loc":{"start":{"line":39,"column":41},"end":{"line":39,"column":66}}}},"branchMap":{"0":{"loc":{"start":{"line":30,"column":16},"end":{"line":30,"column":35}},"type":"binary-expr","locations":[{"start":{"line":30,"column":16},"end":{"line":30,"column":29}},{"start":{"line":30,"column":33},"end":{"line":30,"column":35}}]},"1":{"loc":{"start":{"line":33,"column":24},"end":{"line":33,"column":44}},"type":"binary-expr","locations":[{"start":{"line":33,"column":24},"end":{"line":33,"column":38}},{"start":{"line":33,"column":42},"end":{"line":33,"column":44}}]},"2":{"loc":{"start":{"line":36,"column":10},"end":{"line":36,"column":68}},"type":"binary-expr","locations":[{"start":{"line":36,"column":10},"end":{"line":36,"column":33}},{"start":{"line":36,"column":37},"end":{"line":36,"column":68}}]},"3":{"loc":{"start":{"line":38,"column":8},"end":{"line":42,"column":9}},"type":"if","locations":[{"start":{"line":38,"column":8},"end":{"line":42,"column":9}},{"start":{},"end":{}}]},"4":{"loc":{"start":{"line":38,"column":12},"end":{"line":38,"column":48}},"type":"binary-expr","locations":[{"start":{"line":38,"column":12},"end":{"line":38,"column":33}},{"start":{"line":38,"column":37},"end":{"line":38,"column":48}}]}},"s":{"0":0,"1":0,"2":0,"3":0,"4":0,"5":0,"6":0,"7":0,"8":0,"9":0,"10":0,"11":0,"12":0,"13":0,"14":0,"15":0,"16":0,"17":0,"18":0,"19":0,"20":0},"f":{"0":0,"1":0,"2":0},"b":{"0":[0,0],"1":[0,0],"2":[0,0],"3":[0,0],"4":[0,0]}}
,"/Users/pramodkumar/Desktop/coding/projects/ExamVerse-AI/backend/src/modules/ai/services/index.ts": {"path":"/Users/pramodkumar/Desktop/coding/projects/ExamVerse-AI/backend/src/modules/ai/services/index.ts","statementMap":{"0":{"start":{"line":1,"column":0},"end":{"line":1,"column":29}},"1":{"start":{"line":2,"column":0},"end":{"line":2,"column":39}},"2":{"start":{"line":3,"column":0},"end":{"line":3,"column":46}},"3":{"start":{"line":4,"column":0},"end":{"line":4,"column":56}}},"fnMap":{},"branchMap":{},"s":{"0":0,"1":0,"2":0,"3":0},"f":{},"b":{}}
,"/Users/pramodkumar/Desktop/coding/projects/ExamVerse-AI/backend/src/modules/ai/services/question-extraction.service.ts": {"path":"/Users/pramodkumar/Desktop/coding/projects/ExamVerse-AI/backend/src/modules/ai/services/question-extraction.service.ts","statementMap":{"0":{"start":{"line":3,"column":0},"end":{"line":3,"column":59}},"1":{"start":{"line":4,"column":0},"end":{"line":4,"column":47}},"2":{"start":{"line":5,"column":0},"end":{"line":5,"column":80}},"3":{"start":{"line":11,"column":31},"end":{"line":11,"column":52}},"4":{"start":{"line":15,"column":19},"end":{"line":15,"column":54}},"5":{"start":{"line":18,"column":21},"end":{"line":18,"column":65}},"6":{"start":{"line":22,"column":19},"end":{"line":22,"column":76}},"7":{"start":{"line":25,"column":4},"end":{"line":25,"column":54}},"8":{"start":{"line":10,"column":0},"end":{"line":10,"column":13}}},"fnMap":{"0":{"name":"(anonymous_0)","decl":{"start":{"line":11,"column":2},"end":{"line":11,"column":31}},"loc":{"start":{"line":11,"column":52},"end":{"line":11,"column":56}}},"1":{"name":"(anonymous_1)","decl":{"start":{"line":13,"column":2},"end":{"line":13,"column":7}},"loc":{"start":{"line":13,"column":37},"end":{"line":26,"column":3}}}},"branchMap":{},"s":{"0":0,"1":0,"2":0,"3":0,"4":0,"5":0,"6":0,"7":0,"8":0},"f":{"0":0,"1":0},"b":{}}
,"/Users/pramodkumar/Desktop/coding/projects/ExamVerse-AI/backend/src/modules/ai/validator/index.ts": {"path":"/Users/pramodkumar/Desktop/coding/projects/ExamVerse-AI/backend/src/modules/ai/validator/index.ts","statementMap":{"0":{"start":{"line":1,"column":0},"end":{"line":1,"column":46}}},"fnMap":{},"branchMap":{},"s":{"0":0},"f":{},"b":{}}
,"/Users/pramodkumar/Desktop/coding/projects/ExamVerse-AI/backend/src/modules/ai/validator/question-response.validator.ts": {"path":"/Users/pramodkumar/Desktop/coding/projects/ExamVerse-AI/backend/src/modules/ai/validator/question-response.validator.ts","statementMap":{"0":{"start":{"line":1,"column":0},"end":{"line":1,"column":24}},"1":{"start":{"line":3,"column":13},"end":{"line":45,"column":3}},"2":{"start":{"line":51,"column":4},"end":{"line":51,"column":46}},"3":{"start":{"line":49,"column":0},"end":{"line":49,"column":13}}},"fnMap":{"0":{"name":"(anonymous_0)","decl":{"start":{"line":50,"column":2},"end":{"line":50,"column":8}},"loc":{"start":{"line":50,"column":31},"end":{"line":52,"column":3}}}},"branchMap":{},"s":{"0":0,"1":0,"2":0,"3":0},"f":{"0":0},"b":{}}
,"/Users/pramodkumar/Desktop/coding/projects/ExamVerse-AI/backend/src/modules/auth/auth.constants.ts": {"path":"/Users/pramodkumar/Desktop/coding/projects/ExamVerse-AI/backend/src/modules/auth/auth.constants.ts","statementMap":{"0":{"start":{"line":7,"column":13},"end":{"line":7,"column":39}},"1":{"start":{"line":9,"column":13},"end":{"line":9,"column":47}},"2":{"start":{"line":11,"column":13},"end":{"line":11,"column":49}},"3":{"start":{"line":16,"column":13},"end":{"line":16,"column":37}},"4":{"start":{"line":17,"column":13},"end":{"line":17,"column":39}},"5":{"start":{"line":22,"column":13},"end":{"line":22,"column":33}},"6":{"start":{"line":23,"column":13},"end":{"line":23,"column":35}},"7":{"start":{"line":28,"column":13},"end":{"line":28,"column":36}},"8":{"start":{"line":33,"column":13},"end":{"line":33,"column":45}},"9":{"start":{"line":35,"column":13},"end":{"line":35,"column":45}},"10":{"start":{"line":41,"column":13},"end":{"line":41,"column":37}},"11":{"start":{"line":46,"column":13},"end":{"line":46,"column":61}},"12":{"start":{"line":51,"column":13},"end":{"line":75,"column":11}},"13":{"start":{"line":80,"column":13},"end":{"line":94,"column":11}}},"fnMap":{},"branchMap":{},"s":{"0":0,"1":0,"2":0,"3":0,"4":0,"5":0,"6":0,"7":0,"8":0,"9":0,"10":0,"11":0,"12":0,"13":0},"f":{},"b":{}}
,"/Users/pramodkumar/Desktop/coding/projects/ExamVerse-AI/backend/src/modules/auth/auth.cookies.ts": {"path":"/Users/pramodkumar/Desktop/coding/projects/ExamVerse-AI/backend/src/modules/auth/auth.cookies.ts","statementMap":{"0":{"start":{"line":3,"column":0},"end":{"line":3,"column":39}},"1":{"start":{"line":5,"column":13},"end":{"line":5,"column":50}},"2":{"start":{"line":7,"column":13},"end":{"line":13,"column":2}}},"fnMap":{},"branchMap":{},"s":{"0":0,"1":0,"2":0},"f":{},"b":{}}
,"/Users/pramodkumar/Desktop/coding/projects/ExamVerse-AI/backend/src/modules/auth/index.ts": {"path":"/Users/pramodkumar/Desktop/coding/projects/ExamVerse-AI/backend/src/modules/auth/index.ts","statementMap":{"0":{"start":{"line":7,"column":0},"end":{"line":7,"column":33}},"1":{"start":{"line":8,"column":0},"end":{"line":8,"column":29}},"2":{"start":{"line":10,"column":0},"end":{"line":10,"column":35}},"3":{"start":{"line":11,"column":0},"end":{"line":11,"column":32}},"4":{"start":{"line":13,"column":0},"end":{"line":13,"column":38}}},"fnMap":{},"branchMap":{},"s":{"0":0,"1":0,"2":0,"3":0,"4":0},"f":{},"b":{}}
,"/Users/pramodkumar/Desktop/coding/projects/ExamVerse-AI/backend/src/modules/auth/controllers/auth.controller.ts": {"path":"/Users/pramodkumar/Desktop/coding/projects/ExamVerse-AI/backend/src/modules/auth/controllers/auth.controller.ts","statementMap":{"0":{"start":{"line":3,"column":0},"end":{"line":3,"column":58}},"1":{"start":{"line":4,"column":0},"end":{"line":4,"column":55}},"2":{"start":{"line":6,"column":0},"end":{"line":6,"column":78}},"3":{"start":{"line":11,"column":31},"end":{"line":11,"column":56}},"4":{"start":{"line":13,"column":13},"end":{"line":30,"column":4}},"5":{"start":{"line":14,"column":19},"end":{"line":14,"column":60}},"6":{"start":{"line":16,"column":4},"end":{"line":20,"column":6}},"7":{"start":{"line":22,"column":4},"end":{"line":29,"column":6}},"8":{"start":{"line":32,"column":10},"end":{"line":49,"column":4}},"9":{"start":{"line":33,"column":19},"end":{"line":33,"column":57}},"10":{"start":{"line":35,"column":4},"end":{"line":39,"column":6}},"11":{"start":{"line":41,"column":4},"end":{"line":48,"column":6}},"12":{"start":{"line":51,"column":12},"end":{"line":69,"column":4}},"13":{"start":{"line":52,"column":25},"end":{"line":52,"column":59}},"14":{"start":{"line":54,"column":19},"end":{"line":54,"column":63}},"15":{"start":{"line":56,"column":4},"end":{"line":60,"column":6}},"16":{"start":{"line":62,"column":4},"end":{"line":68,"column":6}},"17":{"start":{"line":71,"column":11},"end":{"line":81,"column":4}},"18":{"start":{"line":72,"column":25},"end":{"line":72,"column":59}},"19":{"start":{"line":74,"column":4},"end":{"line":76,"column":5}},"20":{"start":{"line":75,"column":6},"end":{"line":75,"column":50}},"21":{"start":{"line":78,"column":4},"end":{"line":78,"column":65}},"22":{"start":{"line":80,"column":4},"end":{"line":80,"column":64}},"23":{"start":{"line":83,"column":14},"end":{"line":89,"column":4}},"24":{"start":{"line":84,"column":4},"end":{"line":84,"column":50}},"25":{"start":{"line":86,"column":4},"end":{"line":86,"column":65}},"26":{"start":{"line":88,"column":4},"end":{"line":88,"column":74}},"27":{"start":{"line":10,"column":0},"end":{"line":10,"column":13}}},"fnMap":{"0":{"name":"(anonymous_0)","decl":{"start":{"line":11,"column":2},"end":{"line":11,"column":31}},"loc":{"start":{"line":11,"column":56},"end":{"line":11,"column":60}}},"1":{"name":"(anonymous_1)","decl":{"start":{"line":13,"column":26},"end":{"line":13,"column":31}},"loc":{"start":{"line":13,"column":64},"end":{"line":30,"column":3}}},"2":{"name":"(anonymous_2)","decl":{"start":{"line":32,"column":23},"end":{"line":32,"column":28}},"loc":{"start":{"line":32,"column":61},"end":{"line":49,"column":3}}},"3":{"name":"(anonymous_3)","decl":{"start":{"line":51,"column":25},"end":{"line":51,"column":30}},"loc":{"start":{"line":51,"column":63},"end":{"line":69,"column":3}}},"4":{"name":"(anonymous_4)","decl":{"start":{"line":71,"column":24},"end":{"line":71,"column":29}},"loc":{"start":{"line":71,"column":62},"end":{"line":81,"column":3}}},"5":{"name":"(anonymous_5)","decl":{"start":{"line":83,"column":27},"end":{"line":83,"column":32}},"loc":{"start":{"line":83,"column":65},"end":{"line":89,"column":3}}}},"branchMap":{"0":{"loc":{"start":{"line":74,"column":4},"end":{"line":76,"column":5}},"type":"if","locations":[{"start":{"line":74,"column":4},"end":{"line":76,"column":5}},{"start":{},"end":{}}]}},"s":{"0":0,"1":0,"2":0,"3":0,"4":0,"5":0,"6":0,"7":0,"8":0,"9":0,"10":0,"11":0,"12":0,"13":0,"14":0,"15":0,"16":0,"17":0,"18":0,"19":0,"20":0,"21":0,"22":0,"23":0,"24":0,"25":0,"26":0,"27":0},"f":{"0":0,"1":0,"2":0,"3":0,"4":0,"5":0},"b":{"0":[0,0]}}
,"/Users/pramodkumar/Desktop/coding/projects/ExamVerse-AI/backend/src/modules/auth/controllers/index.ts": {"path":"/Users/pramodkumar/Desktop/coding/projects/ExamVerse-AI/backend/src/modules/auth/controllers/index.ts","statementMap":{"0":{"start":{"line":1,"column":0},"end":{"line":1,"column":34}}},"fnMap":{},"branchMap":{},"s":{"0":0},"f":{},"b":{}}
,"/Users/pramodkumar/Desktop/coding/projects/ExamVerse-AI/backend/src/modules/auth/middleware/authenticate.ts": {"path":"/Users/pramodkumar/Desktop/coding/projects/ExamVerse-AI/backend/src/modules/auth/middleware/authenticate.ts","statementMap":{"0":{"start":{"line":7,"column":0},"end":{"line":7,"column":16}},"1":{"start":{"line":3,"column":0},"end":{"line":3,"column":39}},"2":{"start":{"line":5,"column":0},"end":{"line":5,"column":59}},"3":{"start":{"line":8,"column":24},"end":{"line":8,"column":49}},"4":{"start":{"line":10,"column":2},"end":{"line":12,"column":3}},"5":{"start":{"line":11,"column":4},"end":{"line":11,"column":75}},"6":{"start":{"line":14,"column":2},"end":{"line":16,"column":3}},"7":{"start":{"line":15,"column":4},"end":{"line":15,"column":72}},"8":{"start":{"line":18,"column":16},"end":{"line":18,"column":42}},"9":{"start":{"line":20,"column":2},"end":{"line":32,"column":3}},"10":{"start":{"line":21,"column":20},"end":{"line":21,"column":48}},"11":{"start":{"line":23,"column":4},"end":{"line":27,"column":6}},"12":{"start":{"line":29,"column":4},"end":{"line":29,"column":11}},"13":{"start":{"line":31,"column":4},"end":{"line":31,"column":75}}},"fnMap":{"0":{"name":"authenticate","decl":{"start":{"line":7,"column":16},"end":{"line":7,"column":28}},"loc":{"start":{"line":7,"column":77},"end":{"line":33,"column":1}}}},"branchMap":{"0":{"loc":{"start":{"line":10,"column":2},"end":{"line":12,"column":3}},"type":"if","locations":[{"start":{"line":10,"column":2},"end":{"line":12,"column":3}},{"start":{},"end":{}}]},"1":{"loc":{"start":{"line":14,"column":2},"end":{"line":16,"column":3}},"type":"if","locations":[{"start":{"line":14,"column":2},"end":{"line":16,"column":3}},{"start":{},"end":{}}]}},"s":{"0":0,"1":0,"2":0,"3":0,"4":0,"5":0,"6":0,"7":0,"8":0,"9":0,"10":0,"11":0,"12":0,"13":0},"f":{"0":0},"b":{"0":[0,0],"1":[0,0]}}
,"/Users/pramodkumar/Desktop/coding/projects/ExamVerse-AI/backend/src/modules/auth/middleware/authorize.ts": {"path":"/Users/pramodkumar/Desktop/coding/projects/ExamVerse-AI/backend/src/modules/auth/middleware/authorize.ts","statementMap":{"0":{"start":{"line":7,"column":0},"end":{"line":7,"column":16}},"1":{"start":{"line":5,"column":0},"end":{"line":5,"column":56}},"2":{"start":{"line":8,"column":2},"end":{"line":18,"column":4}},"3":{"start":{"line":9,"column":4},"end":{"line":15,"column":5}},"4":{"start":{"line":10,"column":6},"end":{"line":14,"column":8}},"5":{"start":{"line":17,"column":4},"end":{"line":17,"column":11}}},"fnMap":{"0":{"name":"authorize","decl":{"start":{"line":7,"column":16},"end":{"line":7,"column":25}},"loc":{"start":{"line":7,"column":46},"end":{"line":19,"column":1}}},"1":{"name":"(anonymous_1)","decl":{"start":{"line":8,"column":9},"end":{"line":8,"column":10}},"loc":{"start":{"line":8,"column":62},"end":{"line":18,"column":3}}}},"branchMap":{"0":{"loc":{"start":{"line":9,"column":4},"end":{"line":15,"column":5}},"type":"if","locations":[{"start":{"line":9,"column":4},"end":{"line":15,"column":5}},{"start":{},"end":{}}]}},"s":{"0":0,"1":0,"2":0,"3":0,"4":0,"5":0},"f":{"0":0,"1":0},"b":{"0":[0,0]}}
,"/Users/pramodkumar/Desktop/coding/projects/ExamVerse-AI/backend/src/modules/auth/middleware/index.ts": {"path":"/Users/pramodkumar/Desktop/coding/projects/ExamVerse-AI/backend/src/modules/auth/middleware/index.ts","statementMap":{"0":{"start":{"line":1,"column":0},"end":{"line":1,"column":31}},"1":{"start":{"line":2,"column":0},"end":{"line":2,"column":28}}},"fnMap":{},"branchMap":{},"s":{"0":0,"1":0},"f":{},"b":{}}
,"/Users/pramodkumar/Desktop/coding/projects/ExamVerse-AI/backend/src/modules/auth/repositories/index.ts": {"path":"/Users/pramodkumar/Desktop/coding/projects/ExamVerse-AI/backend/src/modules/auth/repositories/index.ts","statementMap":{"0":{"start":{"line":1,"column":0},"end":{"line":1,"column":34}},"1":{"start":{"line":2,"column":0},"end":{"line":2,"column":44}}},"fnMap":{},"branchMap":{},"s":{"0":0,"1":0},"f":{},"b":{}}
,"/Users/pramodkumar/Desktop/coding/projects/ExamVerse-AI/backend/src/modules/auth/repositories/refresh-token.repository.ts": {"path":"/Users/pramodkumar/Desktop/coding/projects/ExamVerse-AI/backend/src/modules/auth/repositories/refresh-token.repository.ts","statementMap":{"0":{"start":{"line":9,"column":31},"end":{"line":9,"column":51}},"1":{"start":{"line":12,"column":4},"end":{"line":18,"column":7}},"2":{"start":{"line":22,"column":4},"end":{"line":26,"column":7}},"3":{"start":{"line":30,"column":4},"end":{"line":34,"column":7}},"4":{"start":{"line":38,"column":4},"end":{"line":42,"column":7}},"5":{"start":{"line":46,"column":19},"end":{"line":52,"column":6}},"6":{"start":{"line":54,"column":4},"end":{"line":54,"column":24}},"7":{"start":{"line":62,"column":4},"end":{"line":72,"column":7}},"8":{"start":{"line":8,"column":0},"end":{"line":8,"column":13}}},"fnMap":{"0":{"name":"(anonymous_0)","decl":{"start":{"line":9,"column":2},"end":{"line":9,"column":31}},"loc":{"start":{"line":9,"column":51},"end":{"line":9,"column":55}}},"1":{"name":"(anonymous_1)","decl":{"start":{"line":11,"column":2},"end":{"line":11,"column":7}},"loc":{"start":{"line":11,"column":44},"end":{"line":19,"column":3}}},"2":{"name":"(anonymous_2)","decl":{"start":{"line":21,"column":2},"end":{"line":21,"column":7}},"loc":{"start":{"line":21,"column":41},"end":{"line":27,"column":3}}},"3":{"name":"(anonymous_3)","decl":{"start":{"line":29,"column":2},"end":{"line":29,"column":7}},"loc":{"start":{"line":29,"column":43},"end":{"line":35,"column":3}}},"4":{"name":"(anonymous_4)","decl":{"start":{"line":37,"column":2},"end":{"line":37,"column":7}},"loc":{"start":{"line":37,"column":37},"end":{"line":43,"column":3}}},"5":{"name":"(anonymous_5)","decl":{"start":{"line":45,"column":2},"end":{"line":45,"column":7}},"loc":{"start":{"line":45,"column":21},"end":{"line":55,"column":3}}},"6":{"name":"(anonymous_6)","decl":{"start":{"line":61,"column":2},"end":{"line":61,"column":7}},"loc":{"start":{"line":61,"column":40},"end":{"line":73,"column":3}}}},"branchMap":{},"s":{"0":0,"1":0,"2":0,"3":0,"4":0,"5":0,"6":0,"7":0,"8":0},"f":{"0":0,"1":0,"2":0,"3":0,"4":0,"5":0,"6":0},"b":{}}
[...]
,"/Users/pramodkumar/Desktop/coding/projects/ExamVerse-AI/backend/src/modules/users/dto/index.ts": {"path":"/Users/pramodkumar/Desktop/coding/projects/ExamVerse-AI/backend/src/modules/users/dto/index.ts","statementMap":{"0":{"start":{"line":1,"column":0},"end":{"line":1,"column":38}},"1":{"start":{"line":2,"column":0},"end":{"line":2,"column":34}},"2":{"start":{"line":3,"column":0},"end":{"line":3,"column":37}}},"fnMap":{},"branchMap":{},"s":{"0":0,"1":0,"2":0},"f":{},"b":{}}
,"/Users/pramodkumar/Desktop/coding/projects/ExamVerse-AI/backend/src/modules/users/repositories/index.ts": {"path":"/Users/pramodkumar/Desktop/coding/projects/ExamVerse-AI/backend/src/modules/users/repositories/index.ts","statementMap":{"0":{"start":{"line":1,"column":0},"end":{"line":1,"column":34}},"1":{"start":{"line":2,"column":0},"end":{"line":2,"column":44}}},"fnMap":{},"branchMap":{},"s":{"0":0,"1":0},"f":{},"b":{}}
,"/Users/pramodkumar/Desktop/coding/projects/ExamVerse-AI/backend/src/modules/users/repositories/user.repository.ts": {"path":"/Users/pramodkumar/Desktop/coding/projects/ExamVerse-AI/backend/src/modules/users/repositories/user.repository.ts","statementMap":{"0":{"start":{"line":4,"column":0},"end":{"line":4,"column":58}},"1":{"start":{"line":9,"column":31},"end":{"line":9,"column":51}},"2":{"start":{"line":12,"column":4},"end":{"line":14,"column":7}},"3":{"start":{"line":18,"column":4},"end":{"line":21,"column":7}},"4":{"start":{"line":25,"column":4},"end":{"line":30,"column":7}},"5":{"start":{"line":34,"column":39},"end":{"line":34,"column":44}},"6":{"start":{"line":36,"column":28},"end":{"line":36,"column":70}},"7":{"start":{"line":38,"column":41},"end":{"line":57,"column":6}},"8":{"start":{"line":59,"column":4},"end":{"line":66,"column":7}},"9":{"start":{"line":70,"column":39},"end":{"line":70,"column":44}},"10":{"start":{"line":72,"column":41},"end":{"line":91,"column":6}},"11":{"start":{"line":93,"column":4},"end":{"line":95,"column":7}},"12":{"start":{"line":99,"column":4},"end":{"line":106,"column":7}},"13":{"start":{"line":8,"column":0},"end":{"line":8,"column":13}}},"fnMap":{"0":{"name":"(anonymous_0)","decl":{"start":{"line":9,"column":2},"end":{"line":9,"column":31}},"loc":{"start":{"line":9,"column":51},"end":{"line":9,"column":55}}},"1":{"name":"(anonymous_1)","decl":{"start":{"line":11,"column":2},"end":{"line":11,"column":7}},"loc":{"start":{"line":11,"column":27},"end":{"line":15,"column":3}}},"2":{"name":"(anonymous_2)","decl":{"start":{"line":17,"column":2},"end":{"line":17,"column":7}},"loc":{"start":{"line":17,"column":56},"end":{"line":22,"column":3}}},"3":{"name":"(anonymous_3)","decl":{"start":{"line":24,"column":2},"end":{"line":24,"column":7}},"loc":{"start":{"line":24,"column":55},"end":{"line":31,"column":3}}},"4":{"name":"(anonymous_4)","decl":{"start":{"line":33,"column":2},"end":{"line":33,"column":7}},"loc":{"start":{"line":33,"column":37},"end":{"line":67,"column":3}}},"5":{"name":"(anonymous_5)","decl":{"start":{"line":69,"column":2},"end":{"line":69,"column":7}},"loc":{"start":{"line":69,"column":34},"end":{"line":96,"column":3}}},"6":{"name":"(anonymous_6)","decl":{"start":{"line":98,"column":2},"end":{"line":98,"column":7}},"loc":{"start":{"line":98,"column":29},"end":{"line":107,"column":3}}}},"branchMap":{"0":{"loc":{"start":{"line":41,"column":10},"end":{"line":56,"column":8}},"type":"binary-expr","locations":[{"start":{"line":41,"column":10},"end":{"line":41,"column":16}},{"start":{"line":41,"column":20},"end":{"line":56,"column":8}}]},"1":{"loc":{"start":{"line":75,"column":10},"end":{"line":90,"column":8}},"type":"binary-expr","locations":[{"start":{"line":75,"column":10},"end":{"line":75,"column":16}},{"start":{"line":75,"column":20},"end":{"line":90,"column":8}}]}},"s":{"0":0,"1":0,"2":0,"3":0,"4":0,"5":0,"6":0,"7":0,"8":0,"9":0,"10":0,"11":0,"12":0,"13":0},"f":{"0":0,"1":0,"2":0,"3":0,"4":0,"5":0,"6":0},"b":{"0":[0,0],"1":[0,0]}}
,"/Users/pramodkumar/Desktop/coding/projects/ExamVerse-AI/backend/src/modules/users/routes/index.ts": {"path":"/Users/pramodkumar/Desktop/coding/projects/ExamVerse-AI/backend/src/modules/users/routes/index.ts","statementMap":{"0":{"start":{"line":1,"column":0},"end":{"line":1,"column":9}},"1":{"start":{"line":1,"column":9},"end":{"line":1,"column":30}}},"fnMap":{"0":{"name":"(anonymous_1)","decl":{"start":{"line":1,"column":9},"end":{"line":1,"column":16}},"loc":{"start":{"line":1,"column":9},"end":{"line":1,"column":30}}}},"branchMap":{},"s":{"0":0,"1":0},"f":{"0":0},"b":{}}
,"/Users/pramodkumar/Desktop/coding/projects/ExamVerse-AI/backend/src/modules/users/routes/user.routes.ts": {"path":"/Users/pramodkumar/Desktop/coding/projects/ExamVerse-AI/backend/src/modules/users/routes/user.routes.ts","statementMap":{"0":{"start":{"line":1,"column":0},"end":{"line":1,"column":33}},"1":{"start":{"line":3,"column":0},"end":{"line":3,"column":45}},"2":{"start":{"line":5,"column":0},"end":{"line":5,"column":64}},"3":{"start":{"line":7,"column":0},"end":{"line":7,"column":42}},"4":{"start":{"line":9,"column":0},"end":{"line":9,"column":61}},"5":{"start":{"line":11,"column":0},"end":{"line":11,"column":71}},"6":{"start":{"line":13,"column":0},"end":{"line":13,"column":49}},"7":{"start":{"line":14,"column":0},"end":{"line":14,"column":42}},"8":{"start":{"line":15,"column":0},"end":{"line":15,"column":48}},"9":{"start":{"line":17,"column":15},"end":{"line":17,"column":23}},"10":{"start":{"line":19,"column":23},"end":{"line":19,"column":49}},"11":{"start":{"line":20,"column":20},"end":{"line":20,"column":51}},"12":{"start":{"line":21,"column":23},"end":{"line":21,"column":54}},"13":{"start":{"line":27,"column":0},"end":{"line":27,"column":54}},"14":{"start":{"line":29,"column":0},"end":{"line":34,"column":2}},"15":{"start":{"line":36,"column":0},"end":{"line":41,"column":2}},"16":{"start":{"line":43,"column":0},"end":{"line":43,"column":65}},"17":{"start":{"line":49,"column":0},"end":{"line":54,"column":2}},"18":{"start":{"line":56,"column":0},"end":{"line":56,"column":22}}},"fnMap":{},"branchMap":{},"s":{"0":0,"1":0,"2":0,"3":0,"4":0,"5":0,"6":0,"7":0,"8":0,"9":0,"10":0,"11":0,"12":0,"13":0,"14":0,"15":0,"16":0,"17":0,"18":0},"f":{},"b":{}}
,"/Users/pramodkumar/Desktop/coding/projects/ExamVerse-AI/backend/src/modules/users/schemas/index.ts": {"path":"/Users/pramodkumar/Desktop/coding/projects/ExamVerse-AI/backend/src/modules/users/schemas/index.ts","statementMap":{"0":{"start":{"line":1,"column":0},"end":{"line":1,"column":31}}},"fnMap":{},"branchMap":{},"s":{"0":0},"f":{},"b":{}}
,"/Users/pramodkumar/Desktop/coding/projects/ExamVerse-AI/backend/src/modules/users/schemas/users.schema.ts": {"path":"/Users/pramodkumar/Desktop/coding/projects/ExamVerse-AI/backend/src/modules/users/schemas/users.schema.ts","statementMap":{"0":{"start":{"line":1,"column":0},"end":{"line":1,"column":24}},"1":{"start":{"line":3,"column":13},"end":{"line":7,"column":3}},"2":{"start":{"line":9,"column":13},"end":{"line":13,"column":3}}},"fnMap":{},"branchMap":{},"s":{"0":0,"1":0,"2":0},"f":{},"b":{}}
,"/Users/pramodkumar/Desktop/coding/projects/ExamVerse-AI/backend/src/modules/users/services/index.ts": {"path":"/Users/pramodkumar/Desktop/coding/projects/ExamVerse-AI/backend/src/modules/users/services/index.ts","statementMap":{"0":{"start":{"line":1,"column":0},"end":{"line":1,"column":31}},"1":{"start":{"line":2,"column":0},"end":{"line":2,"column":41}}},"fnMap":{},"branchMap":{},"s":{"0":0,"1":0},"f":{},"b":{}}
,"/Users/pramodkumar/Desktop/coding/projects/ExamVerse-AI/backend/src/modules/users/services/user.service.ts": {"path":"/Users/pramodkumar/Desktop/coding/projects/ExamVerse-AI/backend/src/modules/users/services/user.service.ts","statementMap":{"0":{"start":{"line":1,"column":0},"end":{"line":1,"column":74}},"1":{"start":{"line":3,"column":0},"end":{"line":3,"column":45}},"2":{"start":{"line":5,"column":0},"end":{"line":5,"column":53}},"3":{"start":{"line":15,"column":0},"end":{"line":15,"column":56}},"4":{"start":{"line":18,"column":31},"end":{"line":18,"column":62}},"5":{"start":{"line":21,"column":17},"end":{"line":21,"column":59}},"6":{"start":{"line":23,"column":4},"end":{"line":25,"column":5}},"7":{"start":{"line":24,"column":6},"end":{"line":24,"column":49}},"8":{"start":{"line":27,"column":4},"end":{"line":27,"column":34}},"9":{"start":{"line":31,"column":17},"end":{"line":31,"column":59}},"10":{"start":{"line":33,"column":4},"end":{"line":35,"column":5}},"11":{"start":{"line":34,"column":6},"end":{"line":34,"column":49}},"12":{"start":{"line":37,"column":4},"end":{"line":37,"column":34}},"13":{"start":{"line":41,"column":17},"end":{"line":41,"column":69}},"14":{"start":{"line":43,"column":4},"end":{"line":43,"column":34}},"15":{"start":{"line":47,"column":17},"end":{"line":47,"column":59}},"16":{"start":{"line":49,"column":4},"end":{"line":51,"column":5}},"17":{"start":{"line":50,"column":6},"end":{"line":50,"column":49}},"18":{"start":{"line":53,"column":4},"end":{"line":57,"column":5}},"19":{"start":{"line":54,"column":6},"end":{"line":56,"column":8}},"20":{"start":{"line":59,"column":20},"end":{"line":61,"column":null}},"21":{"start":{"line":64,"column":4},"end":{"line":66,"column":5}},"22":{"start":{"line":65,"column":6},"end":{"line":65,"column":68}},"23":{"start":{"line":68,"column":25},"end":{"line":68,"column":59}},"24":{"start":{"line":70,"column":4},"end":{"line":70,"column":67}},"25":{"start":{"line":74,"column":18},"end":{"line":74,"column":59}},"26":{"start":{"line":76,"column":18},"end":{"line":76,"column":56}},"27":{"start":{"line":78,"column":4},"end":{"line":81,"column":6}},"28":{"start":{"line":85,"column":4},"end":{"line":85,"column":49}},"29":{"start":{"line":17,"column":0},"end":{"line":17,"column":13}}},"fnMap":{"0":{"name":"(anonymous_0)","decl":{"start":{"line":18,"column":2},"end":{"line":18,"column":31}},"loc":{"start":{"line":18,"column":62},"end":{"line":18,"column":66}}},"1":{"name":"(anonymous_1)","decl":{"start":{"line":20,"column":2},"end":{"line":20,"column":7}},"loc":{"start":{"line":20,"column":28},"end":{"line":28,"column":3}}},"2":{"name":"(anonymous_2)","decl":{"start":{"line":30,"column":2},"end":{"line":30,"column":7}},"loc":{"start":{"line":30,"column":34},"end":{"line":38,"column":3}}},"3":{"name":"(anonymous_3)","decl":{"start":{"line":40,"column":2},"end":{"line":40,"column":7}},"loc":{"start":{"line":40,"column":59},"end":{"line":44,"column":3}}},"4":{"name":"(anonymous_4)","decl":{"start":{"line":46,"column":2},"end":{"line":46,"column":7}},"loc":{"start":{"line":46,"column":61},"end":{"line":71,"column":3}}},"5":{"name":"(anonymous_5)","decl":{"start":{"line":73,"column":2},"end":{"line":73,"column":7}},"loc":{"start":{"line":73,"column":38},"end":{"line":82,"column":3}}},"6":{"name":"(anonymous_6)","decl":{"start":{"line":84,"column":2},"end":{"line":84,"column":7}},"loc":{"start":{"line":84,"column":36},"end":{"line":86,"column":3}}}},"branchMap":{"0":{"loc":{"start":{"line":23,"column":4},"end":{"line":25,"column":5}},"type":"if","locations":[{"start":{"line":23,"column":4},"end":{"line":25,"column":5}},{"start":{},"end":{}}]},"1":{"loc":{"start":{"line":33,"column":4},"end":{"line":35,"column":5}},"type":"if","locations":[{"start":{"line":33,"column":4},"end":{"line":35,"column":5}},{"start":{},"end":{}}]},"2":{"loc":{"start":{"line":49,"column":4},"end":{"line":51,"column":5}},"type":"if","locations":[{"start":{"line":49,"column":4},"end":{"line":51,"column":5}},{"start":{},"end":{}}]},"3":{"loc":{"start":{"line":53,"column":4},"end":{"line":57,"column":5}},"type":"if","locations":[{"start":{"line":53,"column":4},"end":{"line":57,"column":5}},{"start":{},"end":{}}]},"4":{"loc":{"start":{"line":64,"column":4},"end":{"line":66,"column":5}},"type":"if","locations":[{"start":{"line":64,"column":4},"end":{"line":66,"column":5}},{"start":{},"end":{}}]},"5":{"loc":{"start":{"line":80,"column":34},"end":{"line":80,"column":49}},"type":"binary-expr","locations":[{"start":{"line":80,"column":34},"end":{"line":80,"column":44}},{"start":{"line":80,"column":48},"end":{"line":80,"column":49}}]},"6":{"loc":{"start":{"line":80,"column":51},"end":{"line":80,"column":68}},"type":"binary-expr","locations":[{"start":{"line":80,"column":51},"end":{"line":80,"column":62}},{"start":{"line":80,"column":66},"end":{"line":80,"column":68}}]}},"s":{"0":0,"1":0,"2":0,"3":0,"4":0,"5":0,"6":0,"7":0,"8":0,"9":0,"10":0,"11":0,"12":0,"13":0,"14":0,"15":0,"16":0,"17":0,"18":0,"19":0,"20":0,"21":0,"22":0,"23":0,"24":0,"25":0,"26":0,"27":0,"28":0,"29":0},"f":{"0":0,"1":0,"2":0,"3":0,"4":0,"5":0,"6":0},"b":{"0":[0,0],"1":[0,0],"2":[0,0],"3":[0,0],"4":[0,0],"5":[0,0],"6":[0,0]}}
,"/Users/pramodkumar/Desktop/coding/projects/ExamVerse-AI/backend/src/utils/ApiError.ts": {"path":"/Users/pramodkumar/Desktop/coding/projects/ExamVerse-AI/backend/src/utils/ApiError.ts","statementMap":{"0":{"start":{"line":7,"column":4},"end":{"line":7,"column":19}},"1":{"start":{"line":9,"column":4},"end":{"line":9,"column":27}},"2":{"start":{"line":10,"column":4},"end":{"line":10,"column":33}},"3":{"start":{"line":11,"column":4},"end":{"line":11,"column":25}},"4":{"start":{"line":12,"column":4},"end":{"line":12,"column":25}},"5":{"start":{"line":14,"column":4},"end":{"line":14,"column":52}},"6":{"start":{"line":18,"column":4},"end":{"line":18,"column":46}},"7":{"start":{"line":22,"column":4},"end":{"line":22,"column":38}},"8":{"start":{"line":26,"column":4},"end":{"line":26,"column":38}},"9":{"start":{"line":30,"column":4},"end":{"line":30,"column":38}},"10":{"start":{"line":34,"column":4},"end":{"line":34,"column":38}},"11":{"start":{"line":38,"column":4},"end":{"line":38,"column":46}},"12":{"start":{"line":42,"column":4},"end":{"line":42,"column":38}},"13":{"start":{"line":1,"column":0},"end":{"line":1,"column":13}},"14":{"start":{"line":46,"column":0},"end":{"line":46,"column":24}}},"fnMap":{"0":{"name":"(anonymous_0)","decl":{"start":{"line":6,"column":2},"end":{"line":6,"column":14}},"loc":{"start":{"line":6,"column":67},"end":{"line":15,"column":3}}},"1":{"name":"(anonymous_1)","decl":{"start":{"line":17,"column":2},"end":{"line":17,"column":8}},"loc":{"start":{"line":17,"column":61},"end":{"line":19,"column":3}}},"2":{"name":"(anonymous_2)","decl":{"start":{"line":21,"column":2},"end":{"line":21,"column":8}},"loc":{"start":{"line":21,"column":46},"end":{"line":23,"column":3}}},"3":{"name":"(anonymous_3)","decl":{"start":{"line":25,"column":2},"end":{"line":25,"column":8}},"loc":{"start":{"line":25,"column":40},"end":{"line":27,"column":3}}},"4":{"name":"(anonymous_4)","decl":{"start":{"line":29,"column":2},"end":{"line":29,"column":8}},"loc":{"start":{"line":29,"column":48},"end":{"line":31,"column":3}}},"5":{"name":"(anonymous_5)","decl":{"start":{"line":33,"column":2},"end":{"line":33,"column":8}},"loc":{"start":{"line":33,"column":38},"end":{"line":35,"column":3}}},"6":{"name":"(anonymous_6)","decl":{"start":{"line":37,"column":2},"end":{"line":37,"column":8}},"loc":{"start":{"line":37,"column":73},"end":{"line":39,"column":3}}},"7":{"name":"(anonymous_7)","decl":{"start":{"line":41,"column":2},"end":{"line":41,"column":8}},"loc":{"start":{"line":41,"column":51},"end":{"line":43,"column":3}}}},"branchMap":{"0":{"loc":{"start":{"line":17,"column":20},"end":{"line":17,"column":43}},"type":"default-arg","locations":[{"start":{"line":17,"column":30},"end":{"line":17,"column":43}}]},"1":{"loc":{"start":{"line":21,"column":22},"end":{"line":21,"column":46}},"type":"default-arg","locations":[{"start":{"line":21,"column":32},"end":{"line":21,"column":46}}]},"2":{"loc":{"start":{"line":25,"column":19},"end":{"line":25,"column":40}},"type":"default-arg","locations":[{"start":{"line":25,"column":29},"end":{"line":25,"column":40}}]},"3":{"loc":{"start":{"line":29,"column":18},"end":{"line":29,"column":48}},"type":"default-arg","locations":[{"start":{"line":29,"column":28},"end":{"line":29,"column":48}}]},"4":{"loc":{"start":{"line":33,"column":18},"end":{"line":33,"column":38}},"type":"default-arg","locations":[{"start":{"line":33,"column":28},"end":{"line":33,"column":38}}]},"5":{"loc":{"start":{"line":37,"column":23},"end":{"line":37,"column":55}},"type":"default-arg","locations":[{"start":{"line":37,"column":33},"end":{"line":37,"column":55}}]},"6":{"loc":{"start":{"line":41,"column":18},"end":{"line":41,"column":51}},"type":"default-arg","locations":[{"start":{"line":41,"column":28},"end":{"line":41,"column":51}}]}},"s":{"0":0,"1":0,"2":0,"3":0,"4":0,"5":0,"6":0,"7":0,"8":0,"9":0,"10":0,"11":0,"12":0,"13":0,"14":0},"f":{"0":0,"1":0,"2":0,"3":0,"4":0,"5":0,"6":0,"7":0},"b":{"0":[0],"1":[0],"2":[0],"3":[0],"4":[0],"5":[0],"6":[0]}}
,"/Users/pramodkumar/Desktop/coding/projects/ExamVerse-AI/backend/src/utils/ApiResponse.ts": {"path":"/Users/pramodkumar/Desktop/coding/projects/ExamVerse-AI/backend/src/utils/ApiResponse.ts","statementMap":{"0":{"start":{"line":13,"column":4},"end":{"line":13,"column":57}},"1":{"start":{"line":14,"column":4},"end":{"line":14,"column":33}},"2":{"start":{"line":15,"column":4},"end":{"line":15,"column":27}},"3":{"start":{"line":16,"column":4},"end":{"line":16,"column":21}},"4":{"start":{"line":17,"column":4},"end":{"line":17,"column":21}},"5":{"start":{"line":25,"column":4},"end":{"line":25,"column":60}},"6":{"start":{"line":28,"column":4},"end":{"line":28,"column":47}},"7":{"start":{"line":31,"column":4},"end":{"line":31,"column":46}},"8":{"start":{"line":1,"column":0},"end":{"line":1,"column":13}}},"fnMap":{"0":{"name":"(anonymous_0)","decl":{"start":{"line":7,"column":2},"end":{"line":7,"column":null}},"loc":{"start":{"line":11,"column":34},"end":{"line":18,"column":3}}},"1":{"name":"(anonymous_1)","decl":{"start":{"line":19,"column":2},"end":{"line":19,"column":8}},"loc":{"start":{"line":23,"column":34},"end":{"line":26,"column":3}}},"2":{"name":"(anonymous_2)","decl":{"start":{"line":27,"column":2},"end":{"line":27,"column":8}},"loc":{"start":{"line":27,"column":45},"end":{"line":29,"column":3}}},"3":{"name":"(anonymous_3)","decl":{"start":{"line":30,"column":2},"end":{"line":30,"column":8}},"loc":{"start":{"line":30,"column":18},"end":{"line":32,"column":3}}}},"branchMap":{"0":{"loc":{"start":{"line":13,"column":19},"end":{"line":13,"column":56}},"type":"binary-expr","locations":[{"start":{"line":13,"column":19},"end":{"line":13,"column":36}},{"start":{"line":13,"column":40},"end":{"line":13,"column":56}}]},"1":{"loc":{"start":{"line":22,"column":4},"end":{"line":22,"column":20}},"type":"default-arg","locations":[{"start":{"line":22,"column":17},"end":{"line":22,"column":20}}]}},"s":{"0":0,"1":0,"2":0,"3":0,"4":0,"5":0,"6":0,"7":0,"8":0},"f":{"0":0,"1":0,"2":0,"3":0},"b":{"0":[0,0],"1":[0]}}
,"/Users/pramodkumar/Desktop/coding/projects/ExamVerse-AI/backend/src/utils/asyncHandler.ts": {"path":"/Users/pramodkumar/Desktop/coding/projects/ExamVerse-AI/backend/src/utils/asyncHandler.ts","statementMap":{"0":{"start":{"line":7,"column":28},"end":{"line":11,"column":1}},"1":{"start":{"line":8,"column":2},"end":{"line":10,"column":4}},"2":{"start":{"line":9,"column":4},"end":{"line":9,"column":57}},"3":{"start":{"line":7,"column":13},"end":{"line":7,"column":28}},"4":{"start":{"line":12,"column":0},"end":{"line":12,"column":28}}},"fnMap":{"0":{"name":"(anonymous_0)","decl":{"start":{"line":7,"column":28},"end":{"line":7,"column":29}},"loc":{"start":{"line":7,"column":70},"end":{"line":11,"column":1}}},"1":{"name":"(anonymous_1)","decl":{"start":{"line":8,"column":9},"end":{"line":8,"column":10}},"loc":{"start":{"line":8,"column":28},"end":{"line":10,"column":3}}}},"branchMap":{},"s":{"0":0,"1":0,"2":0,"3":0,"4":0},"f":{"0":0,"1":0},"b":{}}
}
